#
# There is insufficient memory for the Java Runtime Environment to continue.
# Native memory allocation (malloc) failed to allocate 32744 bytes for ChunkPool::allocate
# Possible reasons:
#   The system is out of physical RAM or swap space
#   The process is running with CompressedOops enabled, and the Java Heap may be blocking the growth of the native heap
# Possible solutions:
#   Reduce memory load on the system
#   Increase physical memory or swap space
#   Check if swap backing store is full
#   Decrease Java heap size (-Xmx/-Xms)
#   Decrease number of Java threads
#   Decrease Java thread stack sizes (-Xss)
#   Set larger code cache with -XX:ReservedCodeCacheSize=
#   JVM is running with Unscaled Compressed Oops mode in which the Java heap is
#     placed in the first 4GB address space. The Java Heap base address is the
#     maximum limit for the native heap growth. Please use -XX:HeapBaseMinAddress
#     to set the Java Heap base and to place the Java Heap above 4GB virtual address.
# This output file may be truncated or incomplete.
#
#  Out of Memory Error (./src/hotspot/share/memory/arena.cpp:81), pid=44408, tid=45800
#
# JRE version: OpenJDK Runtime Environment Temurin-11.0.14.1+1 (11.0.14.1+1) (build 11.0.14.1+1)
# Java VM: OpenJDK 64-Bit Server VM Temurin-11.0.14.1+1 (11.0.14.1+1, mixed mode, tiered, compressed oops, g1 gc, windows-amd64)
# No core dump will be written. Minidumps are not enabled by default on client versions of Windows
#

---------------  S U M M A R Y ------------

Command Line: -Dhttps.protocols=TLSv1,TLSv1.1,TLSv1.2 bluej.Boot C:\Users\julie\Desktop\greenfootyanfangfinalproject0310\project.greenfoot -greenfoot=true -bluej.compiler.showunchecked=false

Host: 11th Gen Intel(R) Core(TM) i5-1135G7 @ 2.40GHz, 8 cores, 7G,  Windows 10 , 64 bit Build 19041 (10.0.19041.2788)
Time: Tue May  9 16:36:56 2023 Central Daylight Time elapsed time: 3.721803 seconds (0d 0h 0m 3s)

---------------  T H R E A D  ---------------

Current thread (0x0000019c506c8800):  JavaThread "C1 CompilerThread0" daemon [_thread_in_native, id=45800, stack(0x00000061baa00000,0x00000061bab00000)]


Current CompileTask:
C1:   3721 4369   !   3       io.github.classgraph.ClasspathElementZip::open (1078 bytes)

Stack: [0x00000061baa00000,0x00000061bab00000]
Native frames: (J=compiled Java code, j=interpreted, Vv=VM code, C=native code)
V  [jvm.dll+0x61e59a]
V  [jvm.dll+0x7aaca9]
V  [jvm.dll+0x7ac398]
V  [jvm.dll+0x7aca73]
V  [jvm.dll+0x24f9b8]
V  [jvm.dll+0xc286b]
V  [jvm.dll+0xc2bcc]
V  [jvm.dll+0x12e807]
V  [jvm.dll+0x13a363]
V  [jvm.dll+0x13d6fc]
V  [jvm.dll+0x13d14d]
V  [jvm.dll+0x134a19]
V  [jvm.dll+0x136d59]
V  [jvm.dll+0x135224]
V  [jvm.dll+0x12ef0b]
V  [jvm.dll+0x13eeaa]
V  [jvm.dll+0x12a209]
V  [jvm.dll+0x12a570]
V  [jvm.dll+0x12a82f]
V  [jvm.dll+0x129ad4]
V  [jvm.dll+0x12b9e7]
V  [jvm.dll+0x217734]
V  [jvm.dll+0x21597b]
V  [jvm.dll+0x76d7c0]
V  [jvm.dll+0x766724]
V  [jvm.dll+0x61d3f6]
C  [ucrtbase.dll+0x21bb2]
C  [KERNEL32.DLL+0x17604]
C  [ntdll.dll+0x526a1]


---------------  P R O C E S S  ---------------

Threads class SMR info:
_java_thread_list=0x0000019c624ada10, length=34, elements={
0x0000019c30ffa000, 0x0000019c506a8800, 0x0000019c506b4000, 0x0000019c506a1000,
0x0000019c506a4000, 0x0000019c506b9800, 0x0000019c506c5800, 0x0000019c506c8800,
0x0000019c506ca000, 0x0000019c511ae000, 0x0000019c51256800, 0x0000019c51596800,
0x0000019c5221c000, 0x0000019c516dd000, 0x0000019c51907800, 0x0000019c51851800,
0x0000019c52cc3800, 0x0000019c52c6a800, 0x0000019c60fed000, 0x0000019c60fea800,
0x0000019c60fec800, 0x0000019c60fee000, 0x0000019c61228800, 0x0000019c60ff0800,
0x0000019c60fef800, 0x0000019c60ff1000, 0x0000019c623c7000, 0x0000019c623c2000,
0x0000019c623c4800, 0x0000019c623c6000, 0x0000019c623c5000, 0x0000019c623c1000,
0x0000019c623c7800, 0x0000019c623c2800
}

Java Threads: ( => current thread )
  0x0000019c30ffa000 JavaThread "main" [_thread_blocked, id=40296, stack(0x00000061b9d00000,0x00000061b9e00000)]
  0x0000019c506a8800 JavaThread "Reference Handler" daemon [_thread_blocked, id=6128, stack(0x00000061ba400000,0x00000061ba500000)]
  0x0000019c506b4000 JavaThread "Finalizer" daemon [_thread_blocked, id=46824, stack(0x00000061ba500000,0x00000061ba600000)]
  0x0000019c506a1000 JavaThread "Signal Dispatcher" daemon [_thread_blocked, id=10428, stack(0x00000061ba600000,0x00000061ba700000)]
  0x0000019c506a4000 JavaThread "Attach Listener" daemon [_thread_blocked, id=41808, stack(0x00000061ba700000,0x00000061ba800000)]
  0x0000019c506b9800 JavaThread "Service Thread" daemon [_thread_blocked, id=46528, stack(0x00000061ba800000,0x00000061ba900000)]
  0x0000019c506c5800 JavaThread "C2 CompilerThread0" daemon [_thread_in_native, id=45696, stack(0x00000061ba900000,0x00000061baa00000)]
=>0x0000019c506c8800 JavaThread "C1 CompilerThread0" daemon [_thread_in_native, id=45800, stack(0x00000061baa00000,0x00000061bab00000)]
  0x0000019c506ca000 JavaThread "Sweeper thread" daemon [_thread_blocked, id=29264, stack(0x00000061bab00000,0x00000061bac00000)]
  0x0000019c511ae000 JavaThread "Common-Cleaner" daemon [_thread_blocked, id=45124, stack(0x00000061bad00000,0x00000061bae00000)]
  0x0000019c51256800 JavaThread "JavaFX-Launcher" [_thread_blocked, id=26192, stack(0x00000061bae00000,0x00000061baf00000)]
  0x0000019c51596800 JavaThread "QuantumRenderer-0" daemon [_thread_blocked, id=25100, stack(0x00000061baf00000,0x00000061bb000000)]
  0x0000019c5221c000 JavaThread "InvokeLaterDispatcher" daemon [_thread_blocked, id=38628, stack(0x00000061bb000000,0x00000061bb100000)]
  0x0000019c516dd000 JavaThread "JavaFX Application Thread" [_thread_in_native, id=45496, stack(0x00000061bb100000,0x00000061bb200000)]
  0x0000019c51907800 JavaThread "Thread-2" daemon [_thread_in_native, id=40752, stack(0x00000061bb500000,0x00000061bb600000)]
  0x0000019c51851800 JavaThread "subMain thread" [_thread_blocked, id=32044, stack(0x00000061bb600000,0x00000061bb700000)]
  0x0000019c52cc3800 JavaThread "Java2D Disposer" daemon [_thread_blocked, id=41496, stack(0x00000061bc300000,0x00000061bc400000)]
  0x0000019c52c6a800 JavaThread "AWT-Windows" daemon [_thread_in_native, id=36168, stack(0x00000061bc600000,0x00000061bc700000)]
  0x0000019c60fed000 JavaThread "Prism Font Disposer" daemon [_thread_blocked, id=1524, stack(0x00000061bc900000,0x00000061bca00000)]
  0x0000019c60fea800 JavaThread "Machine Loader" [_thread_in_native, id=43612, stack(0x00000061bca00000,0x00000061bcb00000)]
  0x0000019c60fec800 JavaThread "pool-2-thread-1" [_thread_blocked, id=34452, stack(0x00000061bcb00000,0x00000061bcc00000)]
  0x0000019c60fee000 JavaThread "Import scanner" [_thread_blocked, id=42832, stack(0x00000061bcc00000,0x00000061bcd00000)]
  0x0000019c61228800 JavaThread "C2 CompilerThread1" daemon [_thread_in_native, id=14140, stack(0x00000061bcd00000,0x00000061bce00000)]
  0x0000019c60ff0800 JavaThread "VMCommsMain" [_thread_blocked, id=37140, stack(0x00000061bce00000,0x00000061bcf00000)]
  0x0000019c60fef800 JavaThread "Timer-0" [_thread_blocked, id=30416, stack(0x00000061bcf00000,0x00000061bd000000)]
  0x0000019c60ff1000 JavaThread "Keep-Alive-Timer" daemon [_thread_blocked, id=38784, stack(0x00000061bc500000,0x00000061bc600000)]
  0x0000019c623c7000 JavaThread "Cleaner-0" daemon [_thread_blocked, id=44140, stack(0x00000061bd600000,0x00000061bd700000)]
  0x0000019c623c2000 JavaThread "ClassGraph-worker-7" daemon [_thread_blocked, id=35196, stack(0x00000061bc700000,0x00000061bc800000)]
  0x0000019c623c4800 JavaThread "ClassGraph-worker-8" daemon [_thread_blocked, id=41596, stack(0x00000061bd000000,0x00000061bd100000)]
  0x0000019c623c6000 JavaThread "ClassGraph-worker-9" daemon [_thread_blocked, id=44044, stack(0x00000061bd100000,0x00000061bd200000)]
  0x0000019c623c5000 JavaThread "ClassGraph-worker-10" daemon [_thread_blocked, id=32936, stack(0x00000061bd200000,0x00000061bd300000)]
  0x0000019c623c1000 JavaThread "ClassGraph-worker-11" daemon [_thread_blocked, id=37980, stack(0x00000061bd300000,0x00000061bd400000)]
  0x0000019c623c7800 JavaThread "ClassGraph-worker-12" daemon [_thread_blocked, id=46168, stack(0x00000061bd400000,0x00000061bd500000)]
  0x0000019c623c2800 JavaThread "ClassGraph-worker-13" daemon [_thread_in_Java, id=46900, stack(0x00000061bd500000,0x00000061bd600000)]

Other Threads:
  0x0000019c50696800 VMThread "VM Thread" [stack: 0x00000061ba300000,0x00000061ba400000] [id=45052]
  0x0000019c511ac000 WatcherThread [stack: 0x00000061bac00000,0x00000061bad00000] [id=32332]
  0x0000019c31010800 GCTaskThread "GC Thread#0" [stack: 0x00000061b9e00000,0x00000061b9f00000] [id=5600]
  0x0000019c518b1800 GCTaskThread "GC Thread#1" [stack: 0x00000061bb700000,0x00000061bb800000] [id=43456]
  0x0000019c518c2800 GCTaskThread "GC Thread#2" [stack: 0x00000061bb800000,0x00000061bb900000] [id=8584]
  0x0000019c518c3000 GCTaskThread "GC Thread#3" [stack: 0x00000061bb900000,0x00000061bba00000] [id=45628]
  0x0000019c518c4000 GCTaskThread "GC Thread#4" [stack: 0x00000061bba00000,0x00000061bbb00000] [id=39728]
  0x0000019c518c4800 GCTaskThread "GC Thread#5" [stack: 0x00000061bbb00000,0x00000061bbc00000] [id=10020]
  0x0000019c52383800 GCTaskThread "GC Thread#6" [stack: 0x00000061bbc00000,0x00000061bbd00000] [id=18044]
  0x0000019c52384000 GCTaskThread "GC Thread#7" [stack: 0x00000061bbd00000,0x00000061bbe00000] [id=40896]
  0x0000019c31044800 ConcurrentGCThread "G1 Main Marker" [stack: 0x00000061b9f00000,0x00000061ba000000] [id=39112]
  0x0000019c31048000 ConcurrentGCThread "G1 Conc#0" [stack: 0x00000061ba000000,0x00000061ba100000] [id=36976]
  0x0000019c60e53000 ConcurrentGCThread "G1 Conc#1" [stack: 0x00000061bc800000,0x00000061bc900000] [id=46368]
  0x0000019c504e0800 ConcurrentGCThread "G1 Refine#0" [stack: 0x00000061ba100000,0x00000061ba200000] [id=20684]
  0x0000019c5127d000 ConcurrentGCThread "G1 Refine#1" [stack: 0x00000061bbe00000,0x00000061bbf00000] [id=39752]
  0x0000019c51520000 ConcurrentGCThread "G1 Refine#2" [stack: 0x00000061bbf00000,0x00000061bc000000] [id=5864]
  0x0000019c504e1800 ConcurrentGCThread "G1 Young RemSet Sampling" [stack: 0x00000061ba200000,0x00000061ba300000] [id=41300]

Threads with active compile tasks:
C2 CompilerThread0   3756 4122       4       io.github.classgraph.Classfile::readMethods (877 bytes)
C1 CompilerThread0   3756 4369   !   3       io.github.classgraph.ClasspathElementZip::open (1078 bytes)
C2 CompilerThread1   3756 4351 %     4       nonapi.io.github.classgraph.utils.FileUtils::sanitizeEntryPath @ 49 (690 bytes)

VM state:not at safepoint (normal execution)

VM Mutex/Monitor currently owned by a thread: None

Heap address: 0x0000000083a00000, size: 1990 MB, Compressed Oops mode: 32-bit
Narrow klass base: 0x0000000000000000, Narrow klass shift: 3
Compressed class space size: 1073741824 Address: 0x0000000100000000

Heap:
 garbage-first heap   total 155648K, used 62560K [0x0000000083a00000, 0x0000000100000000)
  region size 1024K, 27 young (27648K), 6 survivors (6144K)
 Metaspace       used 42678K, capacity 44440K, committed 44672K, reserved 1087488K
  class space    used 5446K, capacity 6198K, committed 6272K, reserved 1048576K
Heap Regions: E=young(eden), S=young(survivor), O=old, HS=humongous(starts), HC=humongous(continues), CS=collection set, F=free, A=archive, TAMS=top-at-mark-start (previous, next)
|   0|0x0000000083a00000, 0x0000000083b00000, 0x0000000083b00000|100%|HS|  |TAMS 0x0000000083b00000, 0x0000000083a00000| Complete 
|   1|0x0000000083b00000, 0x0000000083c00000, 0x0000000083c00000|100%| O|  |TAMS 0x0000000083c00000, 0x0000000083b00000| Untracked 
|   2|0x0000000083c00000, 0x0000000083d00000, 0x0000000083d00000|100%| O|  |TAMS 0x0000000083d00000, 0x0000000083c00000| Untracked 
|   3|0x0000000083d00000, 0x0000000083e00000, 0x0000000083e00000|100%| O|  |TAMS 0x0000000083e00000, 0x0000000083d00000| Untracked 
|   4|0x0000000083e00000, 0x0000000083f00000, 0x0000000083f00000|100%| O|  |TAMS 0x0000000083f00000, 0x0000000083e00000| Untracked 
|   5|0x0000000083f00000, 0x0000000084000000, 0x0000000084000000|100%| O|  |TAMS 0x0000000083fffc00, 0x0000000083f00000| Untracked 
|   6|0x0000000084000000, 0x0000000084100000, 0x0000000084100000|100%|HS|  |TAMS 0x0000000084000000, 0x0000000084000000| Complete 
|   7|0x0000000084100000, 0x0000000084200000, 0x0000000084200000|100%|HC|  |TAMS 0x0000000084100000, 0x0000000084100000| Complete 
|   8|0x0000000084200000, 0x0000000084300000, 0x0000000084300000|100%|HS|  |TAMS 0x0000000084200000, 0x0000000084200000| Complete 
|   9|0x0000000084300000, 0x0000000084400000, 0x0000000084400000|100%|HC|  |TAMS 0x0000000084300000, 0x0000000084300000| Complete 
|  10|0x0000000084400000, 0x0000000084500000, 0x0000000084500000|100%| O|  |TAMS 0x0000000084400000, 0x0000000084400000| Untracked 
|  11|0x0000000084500000, 0x0000000084600000, 0x0000000084600000|100%| O|  |TAMS 0x0000000084500000, 0x0000000084500000| Untracked 
|  12|0x0000000084600000, 0x0000000084700000, 0x0000000084700000|100%| O|  |TAMS 0x0000000084600000, 0x0000000084600000| Untracked 
|  13|0x0000000084700000, 0x0000000084800000, 0x0000000084800000|100%| O|  |TAMS 0x0000000084700000, 0x0000000084700000| Untracked 
|  14|0x0000000084800000, 0x0000000084900000, 0x0000000084900000|100%| O|  |TAMS 0x0000000084800000, 0x0000000084800000| Untracked 
|  15|0x0000000084900000, 0x0000000084a00000, 0x0000000084a00000|100%| O|  |TAMS 0x0000000084900000, 0x0000000084900000| Untracked 
|  16|0x0000000084a00000, 0x0000000084b00000, 0x0000000084b00000|100%| O|  |TAMS 0x0000000084a00000, 0x0000000084a00000| Untracked 
|  17|0x0000000084b00000, 0x0000000084c00000, 0x0000000084c00000|100%| O|  |TAMS 0x0000000084b00000, 0x0000000084b00000| Untracked 
|  18|0x0000000084c00000, 0x0000000084d00000, 0x0000000084d00000|100%| O|  |TAMS 0x0000000084c00000, 0x0000000084c00000| Untracked 
|  19|0x0000000084d00000, 0x0000000084e00000, 0x0000000084e00000|100%| O|  |TAMS 0x0000000084d00000, 0x0000000084d00000| Untracked 
|  20|0x0000000084e00000, 0x0000000084f00000, 0x0000000084f00000|100%| O|  |TAMS 0x0000000084e00000, 0x0000000084e00000| Untracked 
|  21|0x0000000084f00000, 0x0000000085000000, 0x0000000085000000|100%| O|  |TAMS 0x0000000084f00000, 0x0000000084f00000| Untracked 
|  22|0x0000000085000000, 0x0000000085100000, 0x0000000085100000|100%| O|  |TAMS 0x0000000085000000, 0x0000000085000000| Untracked 
|  23|0x0000000085100000, 0x0000000085200000, 0x0000000085200000|100%| O|  |TAMS 0x0000000085100000, 0x0000000085100000| Untracked 
|  24|0x0000000085200000, 0x0000000085300000, 0x0000000085300000|100%| O|  |TAMS 0x0000000085200000, 0x0000000085200000| Untracked 
|  25|0x0000000085300000, 0x0000000085400000, 0x0000000085400000|100%| O|  |TAMS 0x0000000085300000, 0x0000000085300000| Untracked 
|  26|0x0000000085400000, 0x0000000085500000, 0x0000000085500000|100%| O|  |TAMS 0x0000000085400000, 0x0000000085400000| Untracked 
|  27|0x0000000085500000, 0x0000000085600000, 0x0000000085600000|100%| O|  |TAMS 0x0000000085500000, 0x0000000085500000| Untracked 
|  28|0x0000000085600000, 0x0000000085700000, 0x0000000085700000|100%| O|  |TAMS 0x0000000085600000, 0x0000000085600000| Untracked 
|  29|0x0000000085700000, 0x0000000085800000, 0x0000000085800000|100%| O|  |TAMS 0x0000000085700000, 0x0000000085700000| Untracked 
|  30|0x0000000085800000, 0x0000000085900000, 0x0000000085900000|100%| O|  |TAMS 0x0000000085800000, 0x0000000085800000| Untracked 
|  31|0x0000000085900000, 0x0000000085a00000, 0x0000000085a00000|100%| O|  |TAMS 0x0000000085900000, 0x0000000085900000| Untracked 
|  32|0x0000000085a00000, 0x0000000085b00000, 0x0000000085b00000|100%| O|  |TAMS 0x0000000085a00000, 0x0000000085a00000| Untracked 
|  33|0x0000000085b00000, 0x0000000085c00000, 0x0000000085c00000|100%| O|  |TAMS 0x0000000085b00000, 0x0000000085b00000| Untracked 
|  34|0x0000000085c00000, 0x0000000085d00000, 0x0000000085d00000|100%| O|  |TAMS 0x0000000085c00000, 0x0000000085c00000| Untracked 
|  35|0x0000000085d00000, 0x0000000085d2ea00, 0x0000000085e00000| 18%| O|  |TAMS 0x0000000085d00000, 0x0000000085d00000| Untracked 
|  36|0x0000000085e00000, 0x0000000085e00000, 0x0000000085f00000|  0%| F|  |TAMS 0x0000000085e00000, 0x0000000085e00000| Untracked 
|  37|0x0000000085f00000, 0x0000000085f00000, 0x0000000086000000|  0%| F|  |TAMS 0x0000000085f00000, 0x0000000085f00000| Untracked 
|  38|0x0000000086000000, 0x0000000086000000, 0x0000000086100000|  0%| F|  |TAMS 0x0000000086000000, 0x0000000086000000| Untracked 
|  39|0x0000000086100000, 0x0000000086100000, 0x0000000086200000|  0%| F|  |TAMS 0x0000000086100000, 0x0000000086100000| Untracked 
|  40|0x0000000086200000, 0x0000000086200000, 0x0000000086300000|  0%| F|  |TAMS 0x0000000086200000, 0x0000000086200000| Untracked 
|  41|0x0000000086300000, 0x0000000086300000, 0x0000000086400000|  0%| F|  |TAMS 0x0000000086300000, 0x0000000086300000| Untracked 
|  42|0x0000000086400000, 0x0000000086400000, 0x0000000086500000|  0%| F|  |TAMS 0x0000000086400000, 0x0000000086400000| Untracked 
|  43|0x0000000086500000, 0x0000000086500000, 0x0000000086600000|  0%| F|  |TAMS 0x0000000086500000, 0x0000000086500000| Untracked 
|  44|0x0000000086600000, 0x0000000086600000, 0x0000000086700000|  0%| F|  |TAMS 0x0000000086600000, 0x0000000086600000| Untracked 
|  45|0x0000000086700000, 0x0000000086700000, 0x0000000086800000|  0%| F|  |TAMS 0x0000000086700000, 0x0000000086700000| Untracked 
|  46|0x0000000086800000, 0x0000000086800000, 0x0000000086900000|  0%| F|  |TAMS 0x0000000086800000, 0x0000000086800000| Untracked 
|  47|0x0000000086900000, 0x0000000086900000, 0x0000000086a00000|  0%| F|  |TAMS 0x0000000086900000, 0x0000000086900000| Untracked 
|  48|0x0000000086a00000, 0x0000000086a00000, 0x0000000086b00000|  0%| F|  |TAMS 0x0000000086a00000, 0x0000000086a00000| Untracked 
|  49|0x0000000086b00000, 0x0000000086b00000, 0x0000000086c00000|  0%| F|  |TAMS 0x0000000086b00000, 0x0000000086b00000| Untracked 
|  50|0x0000000086c00000, 0x0000000086c00000, 0x0000000086d00000|  0%| F|  |TAMS 0x0000000086c00000, 0x0000000086c00000| Untracked 
|  51|0x0000000086d00000, 0x0000000086d00000, 0x0000000086e00000|  0%| F|  |TAMS 0x0000000086d00000, 0x0000000086d00000| Untracked 
|  52|0x0000000086e00000, 0x0000000086e00000, 0x0000000086f00000|  0%| F|  |TAMS 0x0000000086e00000, 0x0000000086e00000| Untracked 
|  53|0x0000000086f00000, 0x0000000086f00000, 0x0000000087000000|  0%| F|  |TAMS 0x0000000086f00000, 0x0000000086f00000| Untracked 
|  54|0x0000000087000000, 0x0000000087000000, 0x0000000087100000|  0%| F|  |TAMS 0x0000000087000000, 0x0000000087000000| Untracked 
|  55|0x0000000087100000, 0x0000000087100000, 0x0000000087200000|  0%| F|  |TAMS 0x0000000087100000, 0x0000000087100000| Untracked 
|  56|0x0000000087200000, 0x0000000087200000, 0x0000000087300000|  0%| F|  |TAMS 0x0000000087200000, 0x0000000087200000| Untracked 
|  57|0x0000000087300000, 0x0000000087300000, 0x0000000087400000|  0%| F|  |TAMS 0x0000000087300000, 0x0000000087300000| Untracked 
|  58|0x0000000087400000, 0x0000000087400000, 0x0000000087500000|  0%| F|  |TAMS 0x0000000087400000, 0x0000000087400000| Untracked 
|  59|0x0000000087500000, 0x0000000087500000, 0x0000000087600000|  0%| F|  |TAMS 0x0000000087500000, 0x0000000087500000| Untracked 
|  60|0x0000000087600000, 0x0000000087600000, 0x0000000087700000|  0%| F|  |TAMS 0x0000000087600000, 0x0000000087600000| Untracked 
|  61|0x0000000087700000, 0x0000000087700000, 0x0000000087800000|  0%| F|  |TAMS 0x0000000087700000, 0x0000000087700000| Untracked 
|  62|0x0000000087800000, 0x0000000087800000, 0x0000000087900000|  0%| F|  |TAMS 0x0000000087800000, 0x0000000087800000| Untracked 
|  63|0x0000000087900000, 0x0000000087900000, 0x0000000087a00000|  0%| F|  |TAMS 0x0000000087900000, 0x0000000087900000| Untracked 
|  64|0x0000000087a00000, 0x0000000087a00000, 0x0000000087b00000|  0%| F|  |TAMS 0x0000000087a00000, 0x0000000087a00000| Untracked 
|  65|0x0000000087b00000, 0x0000000087b00000, 0x0000000087c00000|  0%| F|  |TAMS 0x0000000087b00000, 0x0000000087b00000| Untracked 
|  66|0x0000000087c00000, 0x0000000087c00000, 0x0000000087d00000|  0%| F|  |TAMS 0x0000000087c00000, 0x0000000087c00000| Untracked 
|  67|0x0000000087d00000, 0x0000000087d00000, 0x0000000087e00000|  0%| F|  |TAMS 0x0000000087d00000, 0x0000000087d00000| Untracked 
|  68|0x0000000087e00000, 0x0000000087e00000, 0x0000000087f00000|  0%| F|  |TAMS 0x0000000087e00000, 0x0000000087e00000| Untracked 
|  69|0x0000000087f00000, 0x0000000087f00000, 0x0000000088000000|  0%| F|  |TAMS 0x0000000087f00000, 0x0000000087f00000| Untracked 
|  70|0x0000000088000000, 0x0000000088000000, 0x0000000088100000|  0%| F|  |TAMS 0x0000000088000000, 0x0000000088000000| Untracked 
|  71|0x0000000088100000, 0x0000000088100000, 0x0000000088200000|  0%| F|  |TAMS 0x0000000088100000, 0x0000000088100000| Untracked 
|  72|0x0000000088200000, 0x0000000088200000, 0x0000000088300000|  0%| F|  |TAMS 0x0000000088200000, 0x0000000088200000| Untracked 
|  73|0x0000000088300000, 0x0000000088300000, 0x0000000088400000|  0%| F|  |TAMS 0x0000000088300000, 0x0000000088300000| Untracked 
|  74|0x0000000088400000, 0x00000000884e96b8, 0x0000000088500000| 91%| S|CS|TAMS 0x0000000088400000, 0x0000000088400000| Complete 
|  75|0x0000000088500000, 0x0000000088600000, 0x0000000088600000|100%| S|CS|TAMS 0x0000000088500000, 0x0000000088500000| Complete 
|  76|0x0000000088600000, 0x0000000088700000, 0x0000000088700000|100%| S|CS|TAMS 0x0000000088600000, 0x0000000088600000| Complete 
|  77|0x0000000088700000, 0x0000000088800000, 0x0000000088800000|100%| S|CS|TAMS 0x0000000088700000, 0x0000000088700000| Complete 
|  78|0x0000000088800000, 0x0000000088900000, 0x0000000088900000|100%| S|CS|TAMS 0x0000000088800000, 0x0000000088800000| Complete 
|  79|0x0000000088900000, 0x0000000088a00000, 0x0000000088a00000|100%| S|CS|TAMS 0x0000000088900000, 0x0000000088900000| Complete 
|  80|0x0000000088a00000, 0x0000000088a00000, 0x0000000088b00000|  0%| F|  |TAMS 0x0000000088a00000, 0x0000000088a00000| Untracked 
|  81|0x0000000088b00000, 0x0000000088b00000, 0x0000000088c00000|  0%| F|  |TAMS 0x0000000088b00000, 0x0000000088b00000| Untracked 
|  82|0x0000000088c00000, 0x0000000088c00000, 0x0000000088d00000|  0%| F|  |TAMS 0x0000000088c00000, 0x0000000088c00000| Untracked 
|  83|0x0000000088d00000, 0x0000000088d00000, 0x0000000088e00000|  0%| F|  |TAMS 0x0000000088d00000, 0x0000000088d00000| Untracked 
|  84|0x0000000088e00000, 0x0000000088e00000, 0x0000000088f00000|  0%| F|  |TAMS 0x0000000088e00000, 0x0000000088e00000| Untracked 
|  85|0x0000000088f00000, 0x0000000088f00000, 0x0000000089000000|  0%| F|  |TAMS 0x0000000088f00000, 0x0000000088f00000| Untracked 
|  86|0x0000000089000000, 0x0000000089000000, 0x0000000089100000|  0%| F|  |TAMS 0x0000000089000000, 0x0000000089000000| Untracked 
|  87|0x0000000089100000, 0x0000000089100000, 0x0000000089200000|  0%| F|  |TAMS 0x0000000089100000, 0x0000000089100000| Untracked 
|  88|0x0000000089200000, 0x0000000089200000, 0x0000000089300000|  0%| F|  |TAMS 0x0000000089200000, 0x0000000089200000| Untracked 
|  89|0x0000000089300000, 0x0000000089300000, 0x0000000089400000|  0%| F|  |TAMS 0x0000000089300000, 0x0000000089300000| Untracked 
|  90|0x0000000089400000, 0x0000000089400000, 0x0000000089500000|  0%| F|  |TAMS 0x0000000089400000, 0x0000000089400000| Untracked 
|  91|0x0000000089500000, 0x0000000089500000, 0x0000000089600000|  0%| F|  |TAMS 0x0000000089500000, 0x0000000089500000| Untracked 
|  92|0x0000000089600000, 0x0000000089600000, 0x0000000089700000|  0%| F|  |TAMS 0x0000000089600000, 0x0000000089600000| Untracked 
|  93|0x0000000089700000, 0x0000000089700000, 0x0000000089800000|  0%| F|  |TAMS 0x0000000089700000, 0x0000000089700000| Untracked 
|  94|0x0000000089800000, 0x0000000089800000, 0x0000000089900000|  0%| F|  |TAMS 0x0000000089800000, 0x0000000089800000| Untracked 
|  95|0x0000000089900000, 0x0000000089900000, 0x0000000089a00000|  0%| F|  |TAMS 0x0000000089900000, 0x0000000089900000| Untracked 
|  96|0x0000000089a00000, 0x0000000089a00000, 0x0000000089b00000|  0%| F|  |TAMS 0x0000000089a00000, 0x0000000089a00000| Untracked 
|  97|0x0000000089b00000, 0x0000000089b00000, 0x0000000089c00000|  0%| F|  |TAMS 0x0000000089b00000, 0x0000000089b00000| Untracked 
|  98|0x0000000089c00000, 0x0000000089c00000, 0x0000000089d00000|  0%| F|  |TAMS 0x0000000089c00000, 0x0000000089c00000| Untracked 
|  99|0x0000000089d00000, 0x0000000089d00000, 0x0000000089e00000|  0%| F|  |TAMS 0x0000000089d00000, 0x0000000089d00000| Untracked 
| 100|0x0000000089e00000, 0x0000000089e00000, 0x0000000089f00000|  0%| F|  |TAMS 0x0000000089e00000, 0x0000000089e00000| Untracked 
| 101|0x0000000089f00000, 0x0000000089f00000, 0x000000008a000000|  0%| F|  |TAMS 0x0000000089f00000, 0x0000000089f00000| Untracked 
| 102|0x000000008a000000, 0x000000008a000000, 0x000000008a100000|  0%| F|  |TAMS 0x000000008a000000, 0x000000008a000000| Untracked 
| 103|0x000000008a100000, 0x000000008a100000, 0x000000008a200000|  0%| F|  |TAMS 0x000000008a100000, 0x000000008a100000| Untracked 
| 104|0x000000008a200000, 0x000000008a200000, 0x000000008a300000|  0%| F|  |TAMS 0x000000008a200000, 0x000000008a200000| Untracked 
| 105|0x000000008a300000, 0x000000008a300000, 0x000000008a400000|  0%| F|  |TAMS 0x000000008a300000, 0x000000008a300000| Untracked 
| 106|0x000000008a400000, 0x000000008a400000, 0x000000008a500000|  0%| F|  |TAMS 0x000000008a400000, 0x000000008a400000| Untracked 
| 107|0x000000008a500000, 0x000000008a500000, 0x000000008a600000|  0%| F|  |TAMS 0x000000008a500000, 0x000000008a500000| Untracked 
| 108|0x000000008a600000, 0x000000008a600000, 0x000000008a700000|  0%| F|  |TAMS 0x000000008a600000, 0x000000008a600000| Untracked 
| 109|0x000000008a700000, 0x000000008a700000, 0x000000008a800000|  0%| F|  |TAMS 0x000000008a700000, 0x000000008a700000| Untracked 
| 110|0x000000008a800000, 0x000000008a800000, 0x000000008a900000|  0%| F|  |TAMS 0x000000008a800000, 0x000000008a800000| Untracked 
| 111|0x000000008a900000, 0x000000008a900000, 0x000000008aa00000|  0%| F|  |TAMS 0x000000008a900000, 0x000000008a900000| Untracked 
| 112|0x000000008aa00000, 0x000000008aa00000, 0x000000008ab00000|  0%| F|  |TAMS 0x000000008aa00000, 0x000000008aa00000| Untracked 
| 113|0x000000008ab00000, 0x000000008ab00000, 0x000000008ac00000|  0%| F|  |TAMS 0x000000008ab00000, 0x000000008ab00000| Untracked 
| 114|0x000000008ac00000, 0x000000008ac00000, 0x000000008ad00000|  0%| F|  |TAMS 0x000000008ac00000, 0x000000008ac00000| Untracked 
| 115|0x000000008ad00000, 0x000000008ad00000, 0x000000008ae00000|  0%| F|  |TAMS 0x000000008ad00000, 0x000000008ad00000| Untracked 
| 116|0x000000008ae00000, 0x000000008ae00000, 0x000000008af00000|  0%| F|  |TAMS 0x000000008ae00000, 0x000000008ae00000| Untracked 
| 117|0x000000008af00000, 0x000000008af00000, 0x000000008b000000|  0%| F|  |TAMS 0x000000008af00000, 0x000000008af00000| Untracked 
| 118|0x000000008b000000, 0x000000008b000000, 0x000000008b100000|  0%| F|  |TAMS 0x000000008b000000, 0x000000008b000000| Untracked 
| 119|0x000000008b100000, 0x000000008b100000, 0x000000008b200000|  0%| F|  |TAMS 0x000000008b100000, 0x000000008b100000| Untracked 
| 120|0x000000008b200000, 0x000000008b200000, 0x000000008b300000|  0%| F|  |TAMS 0x000000008b200000, 0x000000008b200000| Untracked 
| 121|0x000000008b300000, 0x000000008b300000, 0x000000008b400000|  0%| F|  |TAMS 0x000000008b300000, 0x000000008b300000| Untracked 
| 122|0x000000008b400000, 0x000000008b400000, 0x000000008b500000|  0%| F|  |TAMS 0x000000008b400000, 0x000000008b400000| Untracked 
| 123|0x000000008b500000, 0x000000008b500000, 0x000000008b600000|  0%| F|  |TAMS 0x000000008b500000, 0x000000008b500000| Untracked 
| 124|0x000000008b600000, 0x000000008b600000, 0x000000008b700000|  0%| F|  |TAMS 0x000000008b600000, 0x000000008b600000| Untracked 
| 125|0x000000008b700000, 0x000000008b700000, 0x000000008b800000|  0%| F|  |TAMS 0x000000008b700000, 0x000000008b700000| Untracked 
| 126|0x000000008b800000, 0x000000008b800000, 0x000000008b900000|  0%| F|  |TAMS 0x000000008b800000, 0x000000008b800000| Untracked 
| 127|0x000000008b900000, 0x000000008b900000, 0x000000008ba00000|  0%| F|  |TAMS 0x000000008b900000, 0x000000008b900000| Untracked 
| 128|0x000000008ba00000, 0x000000008ba00000, 0x000000008bb00000|  0%| F|  |TAMS 0x000000008ba00000, 0x000000008ba00000| Untracked 
| 129|0x000000008bb00000, 0x000000008bb00000, 0x000000008bc00000|  0%| F|  |TAMS 0x000000008bb00000, 0x000000008bb00000| Untracked 
| 130|0x000000008bc00000, 0x000000008bc00000, 0x000000008bd00000|  0%| F|  |TAMS 0x000000008bc00000, 0x000000008bc00000| Untracked 
| 131|0x000000008bd00000, 0x000000008bdf4ff8, 0x000000008be00000| 95%| E|  |TAMS 0x000000008bd00000, 0x000000008bd00000| Complete 
| 132|0x000000008be00000, 0x000000008bf00000, 0x000000008bf00000|100%| E|CS|TAMS 0x000000008be00000, 0x000000008be00000| Complete 
| 133|0x000000008bf00000, 0x000000008c000000, 0x000000008c000000|100%| E|CS|TAMS 0x000000008bf00000, 0x000000008bf00000| Complete 
| 134|0x000000008c000000, 0x000000008c100000, 0x000000008c100000|100%| E|CS|TAMS 0x000000008c000000, 0x000000008c000000| Complete 
| 135|0x000000008c100000, 0x000000008c200000, 0x000000008c200000|100%| E|CS|TAMS 0x000000008c100000, 0x000000008c100000| Complete 
| 136|0x000000008c200000, 0x000000008c300000, 0x000000008c300000|100%| E|CS|TAMS 0x000000008c200000, 0x000000008c200000| Complete 
| 137|0x000000008c300000, 0x000000008c400000, 0x000000008c400000|100%| E|CS|TAMS 0x000000008c300000, 0x000000008c300000| Complete 
| 138|0x000000008c400000, 0x000000008c500000, 0x000000008c500000|100%| E|CS|TAMS 0x000000008c400000, 0x000000008c400000| Complete 
| 139|0x000000008c500000, 0x000000008c600000, 0x000000008c600000|100%| E|CS|TAMS 0x000000008c500000, 0x000000008c500000| Complete 
| 140|0x000000008c600000, 0x000000008c700000, 0x000000008c700000|100%| E|CS|TAMS 0x000000008c600000, 0x000000008c600000| Complete 
| 141|0x000000008c700000, 0x000000008c800000, 0x000000008c800000|100%| E|CS|TAMS 0x000000008c700000, 0x000000008c700000| Complete 
| 142|0x000000008c800000, 0x000000008c900000, 0x000000008c900000|100%| E|CS|TAMS 0x000000008c800000, 0x000000008c800000| Complete 
| 143|0x000000008c900000, 0x000000008ca00000, 0x000000008ca00000|100%| E|CS|TAMS 0x000000008c900000, 0x000000008c900000| Complete 
| 144|0x000000008ca00000, 0x000000008cb00000, 0x000000008cb00000|100%| E|CS|TAMS 0x000000008ca00000, 0x000000008ca00000| Complete 
| 145|0x000000008cb00000, 0x000000008cc00000, 0x000000008cc00000|100%| E|CS|TAMS 0x000000008cb00000, 0x000000008cb00000| Complete 
| 146|0x000000008cc00000, 0x000000008cd00000, 0x000000008cd00000|100%| E|CS|TAMS 0x000000008cc00000, 0x000000008cc00000| Complete 
| 147|0x000000008cd00000, 0x000000008ce00000, 0x000000008ce00000|100%| E|CS|TAMS 0x000000008cd00000, 0x000000008cd00000| Complete 
| 148|0x000000008ce00000, 0x000000008cf00000, 0x000000008cf00000|100%| E|CS|TAMS 0x000000008ce00000, 0x000000008ce00000| Complete 
| 149|0x000000008cf00000, 0x000000008d000000, 0x000000008d000000|100%| E|CS|TAMS 0x000000008cf00000, 0x000000008cf00000| Complete 
| 150|0x000000008d000000, 0x000000008d100000, 0x000000008d100000|100%| E|CS|TAMS 0x000000008d000000, 0x000000008d000000| Complete 
| 151|0x000000008d100000, 0x000000008d200000, 0x000000008d200000|100%| E|CS|TAMS 0x000000008d100000, 0x000000008d100000| Complete 

Card table byte_map: [0x0000019c49590000,0x0000019c49980000] _byte_map_base: 0x0000019c49173000

Marking Bits (Prev, Next): (CMBitMap*) 0x0000019c3103c028, (CMBitMap*) 0x0000019c3103c060
 Prev Bits: [0x0000019c49d70000, 0x0000019c4bc88000)
 Next Bits: [0x0000019c4bc90000, 0x0000019c4dba8000)

Polling page: 0x0000019c2f7c0000

Metaspace:

Usage:
  Non-class:     37.35 MB capacity,    36.37 MB ( 97%) used,   805.66 KB (  2%) free+waste,   196.56 KB ( <1%) overhead. 
      Class:      6.05 MB capacity,     5.32 MB ( 88%) used,   650.68 KB ( 10%) free+waste,    98.69 KB (  2%) overhead. 
       Both:     43.40 MB capacity,    41.69 MB ( 96%) used,     1.42 MB (  3%) free+waste,   295.25 KB ( <1%) overhead. 

Virtual space:
  Non-class space:       38.00 MB reserved,      37.50 MB ( 99%) committed 
      Class space:        1.00 GB reserved,       6.13 MB ( <1%) committed 
             Both:        1.04 GB reserved,      43.63 MB (  4%) committed 

Chunk freelists:
   Non-Class:  30.00 KB
       Class:  10.00 KB
        Both:  40.00 KB

MaxMetaspaceSize: 17179869184.00 GB
CompressedClassSpaceSize: 1.00 GB
Initial GC threshold: 20.80 MB
Current GC threshold: 58.34 MB
CDS: off

CodeHeap 'non-profiled nmethods': size=120000Kb used=2131Kb max_used=2131Kb free=117869Kb
 bounds [0x0000019c41210000, 0x0000019c41480000, 0x0000019c48740000]
CodeHeap 'profiled nmethods': size=120000Kb used=9003Kb max_used=9003Kb free=110996Kb
 bounds [0x0000019c39ce0000, 0x0000019c3a5b0000, 0x0000019c41210000]
CodeHeap 'non-nmethods': size=5760Kb used=1584Kb max_used=1614Kb free=4176Kb
 bounds [0x0000019c39740000, 0x0000019c399b0000, 0x0000019c39ce0000]
 total_blobs=5286 nmethods=4336 adapters=862
 compilation: enabled
              stopped_count=0, restarted_count=0
 full_count=0

Compilation events (20 events):
Event: 3.712 Thread 0x0000019c506c8800 nmethod 4355 0x0000019c3a5a3390 code [0x0000019c3a5a35a0, 0x0000019c3a5a3ad8]
Event: 3.712 Thread 0x0000019c506c8800 4358       3       java.util.concurrent.CountDownLatch::getCount (9 bytes)
Event: 3.712 Thread 0x0000019c506c8800 nmethod 4358 0x0000019c3a5a3d10 code [0x0000019c3a5a3ec0, 0x0000019c3a5a4038]
Event: 3.712 Thread 0x0000019c506c8800 4359       3       java.util.concurrent.CountDownLatch$Sync::getCount (5 bytes)
Event: 3.712 Thread 0x0000019c506c8800 nmethod 4359 0x0000019c3a5a4110 code [0x0000019c3a5a42c0, 0x0000019c3a5a43d8]
Event: 3.712 Thread 0x0000019c506c8800 4360       3       java.util.concurrent.ConcurrentHashMap::<init> (5 bytes)
Event: 3.712 Thread 0x0000019c506c8800 nmethod 4360 0x0000019c3a5a4490 code [0x0000019c3a5a4640, 0x0000019c3a5a47f8]
Event: 3.713 Thread 0x0000019c506c8800 4362       3       java.net.URI$Parser::scanEscape (115 bytes)
Event: 3.714 Thread 0x0000019c506c8800 nmethod 4362 0x0000019c3a5a4910 code [0x0000019c3a5a4c20, 0x0000019c3a5a5ec8]
Event: 3.714 Thread 0x0000019c506c8800 4363       3       java.util.concurrent.CountDownLatch::<init> (31 bytes)
Event: 3.715 Thread 0x0000019c506c8800 nmethod 4363 0x0000019c3a5a6590 code [0x0000019c3a5a6780, 0x0000019c3a5a6c48]
Event: 3.715 Thread 0x0000019c506c8800 4364       3       java.util.concurrent.CountDownLatch$Sync::<init> (10 bytes)
Event: 3.715 Thread 0x0000019c506c8800 nmethod 4364 0x0000019c3a5a6e10 code [0x0000019c3a5a6fe0, 0x0000019c3a5a7218]
Event: 3.715 Thread 0x0000019c506c8800 4365       3       java.util.concurrent.locks.AbstractQueuedSynchronizer::doReleaseShared (79 bytes)
Event: 3.716 Thread 0x0000019c506c8800 nmethod 4365 0x0000019c3a5a7310 code [0x0000019c3a5a7620, 0x0000019c3a5a8668]
Event: 3.716 Thread 0x0000019c506c8800 4366   !   3       sun.nio.ch.IOUtil::read (129 bytes)
Event: 3.716 Thread 0x0000019c506c8800 nmethod 4366 0x0000019c3a5a8c10 code [0x0000019c3a5a8e80, 0x0000019c3a5a9748]
Event: 3.716 Thread 0x0000019c506c8800 4367       3       java.util.ArrayList::<init> (61 bytes)
Event: 3.717 Thread 0x0000019c506c8800 nmethod 4367 0x0000019c3a5a9b10 code [0x0000019c3a5a9da0, 0x0000019c3a5aa8f8]
Event: 3.717 Thread 0x0000019c506c8800 4369   !   3       io.github.classgraph.ClasspathElementZip::open (1078 bytes)

GC Heap History (20 events):
Event: 2.143 GC heap before
{Heap before GC invocations=4 (full 0):
 garbage-first heap   total 129024K, used 44708K [0x0000000083a00000, 0x0000000100000000)
  region size 1024K, 41 young (41984K), 3 survivors (3072K)
 Metaspace       used 34358K, capacity 35570K, committed 35584K, reserved 1079296K
  class space    used 4338K, capacity 4860K, committed 4864K, reserved 1048576K
}
Event: 2.151 GC heap after
{Heap after GC invocations=5 (full 0):
 garbage-first heap   total 129024K, used 13311K [0x0000000083a00000, 0x0000000100000000)
  region size 1024K, 7 young (7168K), 7 survivors (7168K)
 Metaspace       used 34358K, capacity 35570K, committed 35584K, reserved 1079296K
  class space    used 4338K, capacity 4860K, committed 4864K, reserved 1048576K
}
Event: 3.156 GC heap before
{Heap before GC invocations=6 (full 0):
 garbage-first heap   total 129024K, used 68607K [0x0000000083a00000, 0x0000000100000000)
  region size 1024K, 58 young (59392K), 7 survivors (7168K)
 Metaspace       used 41760K, capacity 43522K, committed 43776K, reserved 1087488K
  class space    used 5372K, capacity 6086K, committed 6144K, reserved 1048576K
}
Event: 3.165 GC heap after
{Heap after GC invocations=7 (full 0):
 garbage-first heap   total 129024K, used 27769K [0x0000000083a00000, 0x0000000100000000)
  region size 1024K, 8 young (8192K), 8 survivors (8192K)
 Metaspace       used 41760K, capacity 43522K, committed 43776K, reserved 1087488K
  class space    used 5372K, capacity 6086K, committed 6144K, reserved 1048576K
}
Event: 3.257 GC heap before
{Heap before GC invocations=7 (full 0):
 garbage-first heap   total 129024K, used 76921K [0x0000000083a00000, 0x0000000100000000)
  region size 1024K, 57 young (58368K), 8 survivors (8192K)
 Metaspace       used 42053K, capacity 43810K, committed 44032K, reserved 1087488K
  class space    used 5392K, capacity 6118K, committed 6144K, reserved 1048576K
}
Event: 3.262 GC heap after
{Heap after GC invocations=8 (full 0):
 garbage-first heap   total 129024K, used 30715K [0x0000000083a00000, 0x0000000100000000)
  region size 1024K, 3 young (3072K), 3 survivors (3072K)
 Metaspace       used 42053K, capacity 43810K, committed 44032K, reserved 1087488K
  class space    used 5392K, capacity 6118K, committed 6144K, reserved 1048576K
}
Event: 3.313 GC heap before
{Heap before GC invocations=8 (full 0):
 garbage-first heap   total 129024K, used 81915K [0x0000000083a00000, 0x0000000100000000)
  region size 1024K, 54 young (55296K), 3 survivors (3072K)
 Metaspace       used 42064K, capacity 43812K, committed 44032K, reserved 1087488K
  class space    used 5392K, capacity 6118K, committed 6144K, reserved 1048576K
}
Event: 3.315 GC heap after
{Heap after GC invocations=9 (full 0):
 garbage-first heap   total 129024K, used 31915K [0x0000000083a00000, 0x0000000100000000)
  region size 1024K, 4 young (4096K), 4 survivors (4096K)
 Metaspace       used 42064K, capacity 43812K, committed 44032K, reserved 1087488K
  class space    used 5392K, capacity 6118K, committed 6144K, reserved 1048576K
}
Event: 3.366 GC heap before
{Heap before GC invocations=9 (full 0):
 garbage-first heap   total 129024K, used 86187K [0x0000000083a00000, 0x0000000100000000)
  region size 1024K, 58 young (59392K), 4 survivors (4096K)
 Metaspace       used 42069K, capacity 43813K, committed 44032K, reserved 1087488K
  class space    used 5392K, capacity 6118K, committed 6144K, reserved 1048576K
}
Event: 3.368 GC heap after
{Heap after GC invocations=10 (full 0):
 garbage-first heap   total 129024K, used 33295K [0x0000000083a00000, 0x0000000100000000)
  region size 1024K, 5 young (5120K), 5 survivors (5120K)
 Metaspace       used 42069K, capacity 43813K, committed 44032K, reserved 1087488K
  class space    used 5392K, capacity 6118K, committed 6144K, reserved 1048576K
}
Event: 3.424 GC heap before
{Heap before GC invocations=10 (full 0):
 garbage-first heap   total 129024K, used 90639K [0x0000000083a00000, 0x0000000100000000)
  region size 1024K, 62 young (63488K), 5 survivors (5120K)
 Metaspace       used 42077K, capacity 43813K, committed 44032K, reserved 1087488K
  class space    used 5392K, capacity 6118K, committed 6144K, reserved 1048576K
}
Event: 3.427 GC heap after
{Heap after GC invocations=11 (full 0):
 garbage-first heap   total 129024K, used 34789K [0x0000000083a00000, 0x0000000100000000)
  region size 1024K, 5 young (5120K), 5 survivors (5120K)
 Metaspace       used 42077K, capacity 43813K, committed 44032K, reserved 1087488K
  class space    used 5392K, capacity 6118K, committed 6144K, reserved 1048576K
}
Event: 3.472 GC heap before
{Heap before GC invocations=11 (full 0):
 garbage-first heap   total 129024K, used 93157K [0x0000000083a00000, 0x0000000100000000)
  region size 1024K, 64 young (65536K), 5 survivors (5120K)
 Metaspace       used 42079K, capacity 43877K, committed 44032K, reserved 1087488K
  class space    used 5392K, capacity 6118K, committed 6144K, reserved 1048576K
}
Event: 3.474 GC heap after
{Heap after GC invocations=12 (full 0):
 garbage-first heap   total 129024K, used 36406K [0x0000000083a00000, 0x0000000100000000)
  region size 1024K, 5 young (5120K), 5 survivors (5120K)
 Metaspace       used 42079K, capacity 43877K, committed 44032K, reserved 1087488K
  class space    used 5392K, capacity 6118K, committed 6144K, reserved 1048576K
}
Event: 3.518 GC heap before
{Heap before GC invocations=12 (full 0):
 garbage-first heap   total 129024K, used 96822K [0x0000000083a00000, 0x0000000100000000)
  region size 1024K, 65 young (66560K), 5 survivors (5120K)
 Metaspace       used 42080K, capacity 43877K, committed 44032K, reserved 1087488K
  class space    used 5392K, capacity 6118K, committed 6144K, reserved 1048576K
}
Event: 3.521 GC heap after
{Heap after GC invocations=13 (full 0):
 garbage-first heap   total 129024K, used 38136K [0x0000000083a00000, 0x0000000100000000)
  region size 1024K, 7 young (7168K), 7 survivors (7168K)
 Metaspace       used 42080K, capacity 43877K, committed 44032K, reserved 1087488K
  class space    used 5392K, capacity 6118K, committed 6144K, reserved 1048576K
}
Event: 3.568 GC heap before
{Heap before GC invocations=13 (full 0):
 garbage-first heap   total 129024K, used 98552K [0x0000000083a00000, 0x0000000100000000)
  region size 1024K, 67 young (68608K), 7 survivors (7168K)
 Metaspace       used 42080K, capacity 43877K, committed 44032K, reserved 1087488K
  class space    used 5392K, capacity 6118K, committed 6144K, reserved 1048576K
}
Event: 3.573 GC heap after
{Heap after GC invocations=14 (full 0):
 garbage-first heap   total 155648K, used 40218K [0x0000000083a00000, 0x0000000100000000)
  region size 1024K, 6 young (6144K), 6 survivors (6144K)
 Metaspace       used 42080K, capacity 43877K, committed 44032K, reserved 1087488K
  class space    used 5392K, capacity 6118K, committed 6144K, reserved 1048576K
}
Event: 3.640 GC heap before
{Heap before GC invocations=14 (full 0):
 garbage-first heap   total 155648K, used 112922K [0x0000000083a00000, 0x0000000100000000)
  region size 1024K, 78 young (79872K), 6 survivors (6144K)
 Metaspace       used 42200K, capacity 43941K, committed 44032K, reserved 1087488K
  class space    used 5399K, capacity 6118K, committed 6144K, reserved 1048576K
}
Event: 3.643 GC heap after
{Heap after GC invocations=15 (full 0):
 garbage-first heap   total 155648K, used 42080K [0x0000000083a00000, 0x0000000100000000)
  region size 1024K, 6 young (6144K), 6 survivors (6144K)
 Metaspace       used 42200K, capacity 43941K, committed 44032K, reserved 1087488K
  class space    used 5399K, capacity 6118K, committed 6144K, reserved 1048576K
}

Deoptimization events (20 events):
Event: 3.711 Thread 0x0000019c60fee000 Uncommon trap: trap_request=0xffffffde fr.pc=0x0000019c413e967c relative=0x000000000000039c
Event: 3.711 Thread 0x0000019c60fee000 Uncommon trap: reason=class_check action=maybe_recompile pc=0x0000019c413e967c method=java.util.HashSet.contains(Ljava/lang/Object;)Z @ 5 c2
Event: 3.711 Thread 0x0000019c60fee000 DEOPT PACKING pc=0x0000019c413e967c sp=0x00000061bccfea20
Event: 3.711 Thread 0x0000019c60fee000 DEOPT UNPACKING pc=0x0000019c397485af sp=0x00000061bccfe9d8 mode 2
Event: 3.715 Thread 0x0000019c623c2800 Uncommon trap: trap_request=0xffffff4d fr.pc=0x0000019c413ff5e0 relative=0x0000000000001020
Event: 3.715 Thread 0x0000019c623c6000 Uncommon trap: trap_request=0xffffff4d fr.pc=0x0000019c413ff5e0 relative=0x0000000000001020
Event: 3.715 Thread 0x0000019c623c6000 Uncommon trap: reason=unstable_if action=reinterpret pc=0x0000019c413ff5e0 method=sun.nio.ch.Util$BufferCache.get(I)Ljava/nio/ByteBuffer; @ 25 c2
Event: 3.715 Thread 0x0000019c623c2800 Uncommon trap: reason=unstable_if action=reinterpret pc=0x0000019c413ff5e0 method=sun.nio.ch.Util$BufferCache.get(I)Ljava/nio/ByteBuffer; @ 25 c2
Event: 3.715 Thread 0x0000019c623c2800 DEOPT PACKING pc=0x0000019c413ff5e0 sp=0x00000061bd5fe390
Event: 3.715 Thread 0x0000019c623c6000 DEOPT PACKING pc=0x0000019c413ff5e0 sp=0x00000061bd1fe4b0
Event: 3.715 Thread 0x0000019c623c6000 DEOPT UNPACKING pc=0x0000019c397485af sp=0x00000061bd1fe368 mode 2
Event: 3.715 Thread 0x0000019c623c2800 DEOPT UNPACKING pc=0x0000019c397485af sp=0x00000061bd5fe248 mode 2
Event: 3.715 Thread 0x0000019c623c1000 Uncommon trap: trap_request=0xffffff4d fr.pc=0x0000019c413fa94c relative=0x00000000000004ac
Event: 3.715 Thread 0x0000019c623c1000 Uncommon trap: reason=unstable_if action=reinterpret pc=0x0000019c413fa94c method=sun.nio.ch.Util$BufferCache.get(I)Ljava/nio/ByteBuffer; @ 25 c2
Event: 3.715 Thread 0x0000019c623c1000 DEOPT PACKING pc=0x0000019c413fa94c sp=0x00000061bd3fe760
Event: 3.715 Thread 0x0000019c623c1000 DEOPT UNPACKING pc=0x0000019c397485af sp=0x00000061bd3fe6a8 mode 2
Event: 3.715 Thread 0x0000019c623c2000 Uncommon trap: trap_request=0xffffff4d fr.pc=0x0000019c413fbc4c relative=0x000000000000030c
Event: 3.715 Thread 0x0000019c623c2000 Uncommon trap: reason=unstable_if action=reinterpret pc=0x0000019c413fbc4c method=sun.nio.ch.Util$BufferCache.get(I)Ljava/nio/ByteBuffer; @ 25 c2
Event: 3.715 Thread 0x0000019c623c2000 DEOPT PACKING pc=0x0000019c413fbc4c sp=0x00000061bc7fddf0
Event: 3.715 Thread 0x0000019c623c2000 DEOPT UNPACKING pc=0x0000019c397485af sp=0x00000061bc7fddb0 mode 2

Classes redefined (0 events):
No events

Internal exceptions (20 events):
Event: 3.623 Thread 0x0000019c623c6000 Exception <a 'sun/nio/fs/WindowsException'{0x0000000089468ce8}> (0x0000000089468ce8) thrown at [./src/hotspot/share/prims/jni.cpp, line 616]
Event: 3.623 Thread 0x0000019c60fef000 Exception <a 'sun/nio/fs/WindowsException'{0x00000000894a6e70}> (0x00000000894a6e70) thrown at [./src/hotspot/share/prims/jni.cpp, line 616]
Event: 3.623 Thread 0x0000019c60fef000 Exception <a 'sun/nio/fs/WindowsException'{0x00000000894a71e0}> (0x00000000894a71e0) thrown at [./src/hotspot/share/prims/jni.cpp, line 616]
Event: 3.623 Thread 0x0000019c60feb800 Exception <a 'sun/nio/fs/WindowsException'{0x00000000894fda08}> (0x00000000894fda08) thrown at [./src/hotspot/share/prims/jni.cpp, line 616]
Event: 3.623 Thread 0x0000019c60feb800 Exception <a 'sun/nio/fs/WindowsException'{0x00000000894fdd60}> (0x00000000894fdd60) thrown at [./src/hotspot/share/prims/jni.cpp, line 616]
Event: 3.623 Thread 0x0000019c623c2800 Exception <a 'sun/nio/fs/WindowsException'{0x0000000089342bd0}> (0x0000000089342bd0) thrown at [./src/hotspot/share/prims/jni.cpp, line 616]
Event: 3.623 Thread 0x0000019c623c2800 Exception <a 'sun/nio/fs/WindowsException'{0x0000000089342f40}> (0x0000000089342f40) thrown at [./src/hotspot/share/prims/jni.cpp, line 616]
Event: 3.626 Thread 0x0000019c623c4800 Exception <a 'sun/nio/fs/WindowsException'{0x00000000892f34f0}> (0x00000000892f34f0) thrown at [./src/hotspot/share/prims/jni.cpp, line 616]
Event: 3.626 Thread 0x0000019c623c4800 Exception <a 'sun/nio/fs/WindowsException'{0x00000000892f3830}> (0x00000000892f3830) thrown at [./src/hotspot/share/prims/jni.cpp, line 616]
Event: 3.626 Thread 0x0000019c60feb800 Exception <a 'sun/nio/fs/WindowsException'{0x0000000089014720}> (0x0000000089014720) thrown at [./src/hotspot/share/prims/jni.cpp, line 616]
Event: 3.626 Thread 0x0000019c60feb800 Exception <a 'sun/nio/fs/WindowsException'{0x0000000089014a50}> (0x0000000089014a50) thrown at [./src/hotspot/share/prims/jni.cpp, line 616]
Event: 3.711 Thread 0x0000019c60fee000 Exception <a 'java/lang/ClassNotFoundException'{0x000000008c85ede8}: sun/net/www/protocol/c/Handler> (0x000000008c85ede8) thrown at [./src/hotspot/share/classfile/systemDictionary.cpp, line 230]
Event: 3.711 Thread 0x0000019c60fee000 Exception <a 'java/lang/ClassNotFoundException'{0x000000008c861238}: sun/net/www/protocol/c/Handler> (0x000000008c861238) thrown at [./src/hotspot/share/classfile/systemDictionary.cpp, line 230]
Event: 3.711 Thread 0x0000019c60fee000 Exception <a 'java/lang/ClassNotFoundException'{0x000000008c8637e8}: sun/net/www/protocol/c/Handler> (0x000000008c8637e8) thrown at [./src/hotspot/share/classfile/systemDictionary.cpp, line 230]
Event: 3.711 Thread 0x0000019c60fee000 Exception <a 'java/lang/ClassNotFoundException'{0x000000008c865db0}: sun/net/www/protocol/c/Handler> (0x000000008c865db0) thrown at [./src/hotspot/share/classfile/systemDictionary.cpp, line 230]
Event: 3.711 Thread 0x0000019c60fee000 Exception <a 'java/lang/ClassNotFoundException'{0x000000008c868360}: sun/net/www/protocol/c/Handler> (0x000000008c868360) thrown at [./src/hotspot/share/classfile/systemDictionary.cpp, line 230]
Event: 3.711 Thread 0x0000019c60fee000 Exception <a 'java/lang/ClassNotFoundException'{0x000000008c86a928}: sun/net/www/protocol/c/Handler> (0x000000008c86a928) thrown at [./src/hotspot/share/classfile/systemDictionary.cpp, line 230]
Event: 3.711 Thread 0x0000019c60fee000 Exception <a 'java/lang/ClassNotFoundException'{0x000000008c86ced8}: sun/net/www/protocol/c/Handler> (0x000000008c86ced8) thrown at [./src/hotspot/share/classfile/systemDictionary.cpp, line 230]
Event: 3.711 Thread 0x0000019c60fee000 Exception <a 'java/lang/ClassNotFoundException'{0x000000008c86f6e8}: sun/net/www/protocol/c/Handler> (0x000000008c86f6e8) thrown at [./src/hotspot/share/classfile/systemDictionary.cpp, line 230]
Event: 3.711 Thread 0x0000019c60fee000 Exception <a 'java/lang/ClassNotFoundException'{0x000000008c871c40}: sun/net/www/protocol/c/Handler> (0x000000008c871c40) thrown at [./src/hotspot/share/classfile/systemDictionary.cpp, line 230]

Events (20 events):
Event: 3.711 loading class sun/net/www/protocol/c/Handler done
Event: 3.711 loading class sun/net/www/protocol/c/Handler
Event: 3.711 loading class sun/net/www/protocol/c/Handler done
Event: 3.711 loading class sun/net/www/protocol/c/Handler
Event: 3.711 loading class sun/net/www/protocol/c/Handler done
Event: 3.711 loading class sun/net/www/protocol/c/Handler
Event: 3.711 loading class sun/net/www/protocol/c/Handler done
Event: 3.712 loading class io/github/classgraph/ClasspathElementModule$1
Event: 3.712 loading class io/github/classgraph/ClasspathElementModule$1 done
Event: 3.712 Thread 0x0000019c623c2000 Thread added: 0x0000019c623c2000
Event: 3.713 Executing VM operation: RevokeBias
Event: 3.713 Executing VM operation: RevokeBias done
Event: 3.713 Thread 0x0000019c623c4800 Thread added: 0x0000019c623c4800
Event: 3.713 Thread 0x0000019c623c6000 Thread added: 0x0000019c623c6000
Event: 3.713 Thread 0x0000019c623c5000 Thread added: 0x0000019c623c5000
Event: 3.713 Thread 0x0000019c623c1000 Thread added: 0x0000019c623c1000
Event: 3.713 Thread 0x0000019c623c7800 Thread added: 0x0000019c623c7800
Event: 3.713 Thread 0x0000019c623c2800 Thread added: 0x0000019c623c2800
Event: 3.716 Executing VM operation: RevokeBias
Event: 3.716 Executing VM operation: RevokeBias done


Dynamic libraries:
0x00007ff6fa680000 - 0x00007ff6fa68d000 	C:\Program Files\Greenfoot\jdk\bin\javaw.exe
0x00007ffd91330000 - 0x00007ffd91528000 	C:\windows\SYSTEM32\ntdll.dll
0x00007ffd90a00000 - 0x00007ffd90abf000 	C:\windows\System32\KERNEL32.DLL
0x00007ffd8f0b0000 - 0x00007ffd8f38a000 	C:\windows\System32\KERNELBASE.dll
0x00007ffd8ee70000 - 0x00007ffd8ef70000 	C:\windows\System32\ucrtbase.dll
0x00007ffd7df50000 - 0x00007ffd7df67000 	C:\Program Files\Greenfoot\jdk\bin\jli.dll
0x00007ffd7d230000 - 0x00007ffd7d245000 	C:\Program Files\Greenfoot\jdk\bin\VCRUNTIME140.dll
0x00007ffd8f390000 - 0x00007ffd8f52d000 	C:\windows\System32\USER32.dll
0x00007ffd8ee40000 - 0x00007ffd8ee62000 	C:\windows\System32\win32u.dll
0x00007ffd906f0000 - 0x00007ffd9071b000 	C:\windows\System32\GDI32.dll
0x00007ffd8ef70000 - 0x00007ffd8f080000 	C:\windows\System32\gdi32full.dll
0x00007ffd6ae00000 - 0x00007ffd6b09a000 	C:\windows\WinSxS\amd64_microsoft.windows.common-controls_6595b64144ccf1df_6.0.19041.1110_none_60b5254171f9507e\COMCTL32.dll
0x00007ffd8eca0000 - 0x00007ffd8ed3d000 	C:\windows\System32\msvcp_win.dll
0x00007ffd90ef0000 - 0x00007ffd90f8e000 	C:\windows\System32\msvcrt.dll
0x00007ffd905a0000 - 0x00007ffd905d0000 	C:\windows\System32\IMM32.DLL
0x00007ffd4cde0000 - 0x00007ffd4ce7b000 	C:\Program Files\Greenfoot\jdk\bin\msvcp140.dll
0x00007ffd203d0000 - 0x00007ffd20f51000 	C:\Program Files\Greenfoot\jdk\bin\server\jvm.dll
0x00007ffd90720000 - 0x00007ffd907ce000 	C:\windows\System32\ADVAPI32.dll
0x00007ffd90650000 - 0x00007ffd906ec000 	C:\windows\System32\sechost.dll
0x00007ffd8fd00000 - 0x00007ffd8fe26000 	C:\windows\System32\RPCRT4.dll
0x00007ffd903d0000 - 0x00007ffd903d8000 	C:\windows\System32\PSAPI.DLL
0x00007ffd6c2e0000 - 0x00007ffd6c2e9000 	C:\windows\SYSTEM32\WSOCK32.dll
0x00007ffd90930000 - 0x00007ffd9099b000 	C:\windows\System32\WS2_32.dll
0x00007ffd6ba50000 - 0x00007ffd6ba77000 	C:\windows\SYSTEM32\WINMM.dll
0x00007ffd84d90000 - 0x00007ffd84d9a000 	C:\windows\SYSTEM32\VERSION.dll
0x00007ffd8c8e0000 - 0x00007ffd8c8f2000 	C:\windows\SYSTEM32\kernel.appcore.dll
0x00007ffd84cf0000 - 0x00007ffd84d00000 	C:\Program Files\Greenfoot\jdk\bin\verify.dll
0x00007ffd8c250000 - 0x00007ffd8c434000 	C:\windows\SYSTEM32\DBGHELP.DLL
0x00007ffd7cf80000 - 0x00007ffd7cfb4000 	C:\windows\SYSTEM32\dbgcore.DLL
0x00007ffd8ed40000 - 0x00007ffd8edc2000 	C:\windows\System32\bcryptPrimitives.dll
0x00007ffd65810000 - 0x00007ffd65838000 	C:\Program Files\Greenfoot\jdk\bin\java.dll
0x00007ffd845c0000 - 0x00007ffd845ca000 	C:\Program Files\Greenfoot\jdk\bin\jimage.dll
0x00007ffd7a150000 - 0x00007ffd7a168000 	C:\Program Files\Greenfoot\jdk\bin\zip.dll
0x00007ffd8f5b0000 - 0x00007ffd8fcf4000 	C:\windows\System32\SHELL32.dll
0x00007ffd8cb00000 - 0x00007ffd8d293000 	C:\windows\SYSTEM32\windows.storage.dll
0x00007ffd90f90000 - 0x00007ffd912e4000 	C:\windows\System32\combase.dll
0x00007ffd8e4a0000 - 0x00007ffd8e4ce000 	C:\windows\SYSTEM32\Wldp.dll
0x00007ffd90880000 - 0x00007ffd9092d000 	C:\windows\System32\SHCORE.dll
0x00007ffd90cc0000 - 0x00007ffd90d15000 	C:\windows\System32\shlwapi.dll
0x00007ffd8e980000 - 0x00007ffd8e99f000 	C:\windows\SYSTEM32\profapi.dll
0x00007ffd78c90000 - 0x00007ffd78ca9000 	C:\Program Files\Greenfoot\jdk\bin\net.dll
0x00007ffd858d0000 - 0x00007ffd859da000 	C:\windows\SYSTEM32\WINHTTP.dll
0x00007ffd8e200000 - 0x00007ffd8e26a000 	C:\windows\system32\mswsock.dll
0x00007ffd6aa10000 - 0x00007ffd6aa23000 	C:\Program Files\Greenfoot\jdk\bin\nio.dll
0x0000019c2f800000 - 0x0000019c2f803000 	C:\Program Files\Greenfoot\lib\javafx\bin\api-ms-win-core-console-l1-1-0.dll
0x0000019c2f810000 - 0x0000019c2f813000 	C:\Program Files\Greenfoot\lib\javafx\bin\api-ms-win-core-console-l1-2-0.dll
0x0000019c2f820000 - 0x0000019c2f823000 	C:\Program Files\Greenfoot\lib\javafx\bin\api-ms-win-core-datetime-l1-1-0.dll
0x0000019c51bd0000 - 0x0000019c51bd3000 	C:\Program Files\Greenfoot\lib\javafx\bin\api-ms-win-core-debug-l1-1-0.dll
0x0000019c51be0000 - 0x0000019c51be3000 	C:\Program Files\Greenfoot\lib\javafx\bin\api-ms-win-core-errorhandling-l1-1-0.dll
0x0000019c51bf0000 - 0x0000019c51bf4000 	C:\Program Files\Greenfoot\lib\javafx\bin\api-ms-win-core-file-l1-1-0.dll
0x0000019c51c00000 - 0x0000019c51c03000 	C:\Program Files\Greenfoot\lib\javafx\bin\api-ms-win-core-file-l1-2-0.dll
0x0000019c51c10000 - 0x0000019c51c13000 	C:\Program Files\Greenfoot\lib\javafx\bin\api-ms-win-core-file-l2-1-0.dll
0x0000019c51c20000 - 0x0000019c51c23000 	C:\Program Files\Greenfoot\lib\javafx\bin\api-ms-win-core-handle-l1-1-0.dll
0x0000019c51c30000 - 0x0000019c51c33000 	C:\Program Files\Greenfoot\lib\javafx\bin\api-ms-win-core-heap-l1-1-0.dll
0x0000019c51c40000 - 0x0000019c51c43000 	C:\Program Files\Greenfoot\lib\javafx\bin\api-ms-win-core-interlocked-l1-1-0.dll
0x0000019c51c50000 - 0x0000019c51c53000 	C:\Program Files\Greenfoot\lib\javafx\bin\api-ms-win-core-libraryloader-l1-1-0.dll
0x0000019c51c60000 - 0x0000019c51c63000 	C:\Program Files\Greenfoot\lib\javafx\bin\api-ms-win-core-localization-l1-2-0.dll
0x0000019c51c70000 - 0x0000019c51c73000 	C:\Program Files\Greenfoot\lib\javafx\bin\api-ms-win-core-memory-l1-1-0.dll
0x0000019c51c80000 - 0x0000019c51c83000 	C:\Program Files\Greenfoot\lib\javafx\bin\api-ms-win-core-namedpipe-l1-1-0.dll
0x0000019c51c90000 - 0x0000019c51c93000 	C:\Program Files\Greenfoot\lib\javafx\bin\api-ms-win-core-processenvironment-l1-1-0.dll
0x0000019c51ca0000 - 0x0000019c51ca3000 	C:\Program Files\Greenfoot\lib\javafx\bin\api-ms-win-core-processthreads-l1-1-0.dll
0x0000019c51cb0000 - 0x0000019c51cb3000 	C:\Program Files\Greenfoot\lib\javafx\bin\api-ms-win-core-processthreads-l1-1-1.dll
0x0000019c51cc0000 - 0x0000019c51cc3000 	C:\Program Files\Greenfoot\lib\javafx\bin\api-ms-win-core-profile-l1-1-0.dll
0x0000019c51cd0000 - 0x0000019c51cd3000 	C:\Program Files\Greenfoot\lib\javafx\bin\api-ms-win-core-rtlsupport-l1-1-0.dll
0x0000019c51ce0000 - 0x0000019c51ce3000 	C:\Program Files\Greenfoot\lib\javafx\bin\api-ms-win-core-string-l1-1-0.dll
0x0000019c51cf0000 - 0x0000019c51cf3000 	C:\Program Files\Greenfoot\lib\javafx\bin\api-ms-win-core-synch-l1-1-0.dll
0x0000019c51d00000 - 0x0000019c51d03000 	C:\Program Files\Greenfoot\lib\javafx\bin\api-ms-win-core-synch-l1-2-0.dll
0x0000019c51d10000 - 0x0000019c51d13000 	C:\Program Files\Greenfoot\lib\javafx\bin\api-ms-win-core-sysinfo-l1-1-0.dll
0x0000019c51d20000 - 0x0000019c51d23000 	C:\Program Files\Greenfoot\lib\javafx\bin\api-ms-win-core-timezone-l1-1-0.dll
0x0000019c51d30000 - 0x0000019c51d33000 	C:\Program Files\Greenfoot\lib\javafx\bin\api-ms-win-core-util-l1-1-0.dll
0x0000019c51d40000 - 0x0000019c51d43000 	C:\Program Files\Greenfoot\lib\javafx\bin\api-ms-win-crt-conio-l1-1-0.dll
0x0000019c51d50000 - 0x0000019c51d54000 	C:\Program Files\Greenfoot\lib\javafx\bin\api-ms-win-crt-convert-l1-1-0.dll
0x0000019c51d60000 - 0x0000019c51d63000 	C:\Program Files\Greenfoot\lib\javafx\bin\api-ms-win-crt-environment-l1-1-0.dll
0x0000019c51d70000 - 0x0000019c51d73000 	C:\Program Files\Greenfoot\lib\javafx\bin\api-ms-win-crt-filesystem-l1-1-0.dll
0x0000019c51d80000 - 0x0000019c51d83000 	C:\Program Files\Greenfoot\lib\javafx\bin\api-ms-win-crt-heap-l1-1-0.dll
0x0000019c51d90000 - 0x0000019c51d93000 	C:\Program Files\Greenfoot\lib\javafx\bin\api-ms-win-crt-locale-l1-1-0.dll
0x0000019c51da0000 - 0x0000019c51da5000 	C:\Program Files\Greenfoot\lib\javafx\bin\api-ms-win-crt-math-l1-1-0.dll
0x0000019c51db0000 - 0x0000019c51db5000 	C:\Program Files\Greenfoot\lib\javafx\bin\api-ms-win-crt-multibyte-l1-1-0.dll
0x0000019c51dc0000 - 0x0000019c51dd0000 	C:\Program Files\Greenfoot\lib\javafx\bin\api-ms-win-crt-private-l1-1-0.dll
0x0000019c51dd0000 - 0x0000019c51dd3000 	C:\Program Files\Greenfoot\lib\javafx\bin\api-ms-win-crt-process-l1-1-0.dll
0x0000019c51de0000 - 0x0000019c51de4000 	C:\Program Files\Greenfoot\lib\javafx\bin\api-ms-win-crt-runtime-l1-1-0.dll
0x0000019c51df0000 - 0x0000019c51df4000 	C:\Program Files\Greenfoot\lib\javafx\bin\api-ms-win-crt-stdio-l1-1-0.dll
0x0000019c51e00000 - 0x0000019c51e04000 	C:\Program Files\Greenfoot\lib\javafx\bin\api-ms-win-crt-string-l1-1-0.dll
0x0000019c51e10000 - 0x0000019c51e13000 	C:\Program Files\Greenfoot\lib\javafx\bin\api-ms-win-crt-time-l1-1-0.dll
0x0000019c51e20000 - 0x0000019c51e23000 	C:\Program Files\Greenfoot\lib\javafx\bin\api-ms-win-crt-utility-l1-1-0.dll
0x00007ffd4a4e0000 - 0x00007ffd4a5dc000 	C:\Program Files\Greenfoot\lib\javafx\bin\ucrtbase.dll
0x00007ffd6a9c0000 - 0x00007ffd6a9d5000 	C:\Program Files\Greenfoot\lib\javafx\bin\vcruntime140.dll
0x00007ffd68480000 - 0x00007ffd6848c000 	C:\Windows\System32\vcruntime140_1.dll
0x00007ffd4bd10000 - 0x00007ffd4bdab000 	C:\Program Files\Greenfoot\lib\javafx\bin\msvcp140.dll
0x00007ffd5fc00000 - 0x00007ffd5fc23000 	C:\Program Files\Greenfoot\lib\javafx\bin\prism_d3d.dll
0x00007ffd2b700000 - 0x00007ffd2b8cd000 	C:\windows\system32\d3d9.dll
0x00007ffd8c5f0000 - 0x00007ffd8c61f000 	C:\windows\SYSTEM32\dwmapi.dll
0x00007ffd88250000 - 0x00007ffd882ee000 	C:\windows\system32\uxtheme.dll
0x00007ffd27d90000 - 0x00007ffd27ef7000 	C:\windows\System32\DriverStore\FileRepository\iigd_dch.inf_amd64_e7a66f741a7f70e8\igdumdim64.dll
0x00007ffd90dc0000 - 0x00007ffd90eea000 	C:\windows\System32\ole32.dll
0x00007ffd24190000 - 0x00007ffd27d82000 	C:\windows\System32\DriverStore\FileRepository\iigd_dch.inf_amd64_e7a66f741a7f70e8\igd9dxva64.dll
0x00007ffd90300000 - 0x00007ffd903cd000 	C:\windows\System32\OLEAUT32.dll
0x00007ffd8fe90000 - 0x00007ffd902f8000 	C:\windows\System32\SETUPAPI.dll
0x00007ffd8ec50000 - 0x00007ffd8ec9e000 	C:\windows\System32\cfgmgr32.dll
0x00007ffd8f080000 - 0x00007ffd8f0a7000 	C:\windows\System32\bcrypt.dll
0x00007ffd76710000 - 0x00007ffd76ad5000 	C:\windows\System32\DriverStore\FileRepository\iigd_dch.inf_amd64_e7a66f741a7f70e8\igdgmm64.dll
0x00007ffd4ea10000 - 0x00007ffd4ea55000 	C:\Program Files\Greenfoot\lib\javafx\bin\glass.dll
0x00007ffd90ac0000 - 0x00007ffd90b9a000 	C:\windows\System32\COMDLG32.dll
0x00007ffd90ba0000 - 0x00007ffd90cb4000 	C:\windows\System32\MSCTF.dll
0x00007ffd35340000 - 0x00007ffd35367000 	C:\windows\System32\DriverStore\FileRepository\iigd_dch.inf_amd64_e7a66f741a7f70e8\igdinfo64.dll
0x00007ffd70610000 - 0x00007ffd73ad3000 	C:\windows\System32\DriverStore\FileRepository\iigd_dch.inf_amd64_e7a66f741a7f70e8\igc64.dll
0x00007ffd85670000 - 0x00007ffd856ab000 	C:\windows\SYSTEM32\dxcore.dll
0x00007ffd5fcc0000 - 0x00007ffd5fcd4000 	C:\Program Files\Greenfoot\lib\javafx\bin\javafx_font.dll
0x00007ffd70360000 - 0x00007ffd705df000 	C:\windows\SYSTEM32\dwrite.dll
0x00007ffd907d0000 - 0x00007ffd90879000 	C:\windows\System32\clbcatq.dll
0x00007ffd79480000 - 0x00007ffd79634000 	C:\windows\SYSTEM32\WindowsCodecs.dll
0x00007ffd562a0000 - 0x00007ffd562de000 	C:\windows\system32\dataexchange.dll
0x00007ffd86de0000 - 0x00007ffd87043000 	C:\windows\system32\d3d11.dll
0x00007ffd87610000 - 0x00007ffd877f3000 	C:\windows\system32\dcomp.dll
0x00007ffd8d420000 - 0x00007ffd8d513000 	C:\windows\system32\dxgi.dll
0x00007ffd856c0000 - 0x00007ffd858c0000 	C:\windows\system32\twinapi.appcore.dll
0x00007ffd5da70000 - 0x00007ffd5daa4000 	C:\Program Files\Common Files\Microsoft Shared\Ink\rtscom.dll
0x00007ffd76f20000 - 0x00007ffd77019000 	C:\windows\SYSTEM32\textinputframework.dll
0x00007ffd87ee0000 - 0x00007ffd87fd2000 	C:\windows\System32\CoreMessaging.dll
0x00007ffd87800000 - 0x00007ffd87b5e000 	C:\windows\System32\CoreUIComponents.dll
0x00007ffd8dbd0000 - 0x00007ffd8dc03000 	C:\windows\SYSTEM32\ntmarta.dll
0x00007ffd86820000 - 0x00007ffd86974000 	C:\windows\SYSTEM32\wintypes.dll
0x00007ffd3f6e0000 - 0x00007ffd3f923000 	C:\windows\system32\SogouTSF.ime
0x00007ffd76d00000 - 0x00007ffd76d07000 	C:\windows\system32\MSIMG32.dll
0x00007ffd077b0000 - 0x00007ffd0829a000 	C:\windows\system32\SogouPy.ime
0x00007ffd5f060000 - 0x00007ffd5f0c6000 	C:\windows\SYSTEM32\OLEACC.dll
0x00007ffd6a6e0000 - 0x00007ffd6a740000 	C:\Program Files (x86)\SogouInput\Components\SGDictation\1.0.0.62\SGDictation64.dll
0x00007ffd3f470000 - 0x00007ffd3f6dc000 	C:\Program Files (x86)\SogouInput\Components\PicFace\1.1.0.2077\PicFace64.dll

dbghelp: loaded successfully - version: 4.0.5 - missing functions: none
symbol engine: initialized successfully - sym options: 0x614 - pdb path: .;C:\Program Files\Greenfoot\jdk\bin;C:\windows\SYSTEM32;C:\windows\WinSxS\amd64_microsoft.windows.common-controls_6595b64144ccf1df_6.0.19041.1110_none_60b5254171f9507e;C:\Program Files\Greenfoot\jdk\bin\server;C:\Program Files\Greenfoot\lib\javafx\bin;C:\windows\System32\DriverStore\FileRepository\iigd_dch.inf_amd64_e7a66f741a7f70e8;C:\Program Files\Common Files\Microsoft Shared\Ink;C:\Program Files (x86)\SogouInput\Components\SGDictation\1.0.0.62;C:\Program Files (x86)\SogouInput\Components\PicFace\1.1.0.2077;C:\Program Files (x86)\SogouInput\13.1.0.6861

VM Arguments:
jvm_args: -Dhttps.protocols=TLSv1,TLSv1.1,TLSv1.2 
java_command: bluej.Boot C:\Users\julie\Desktop\greenfootyanfangfinalproject0310\project.greenfoot -greenfoot=true -bluej.compiler.showunchecked=false
java_class_path (initial): C:\Program Files\Greenfoot\lib\bluej.jar;C:\Program Files\Greenfoot\lib\javafx\lib\javafx.base.jar;C:\Program Files\Greenfoot\lib\javafx\lib\javafx.controls.jar;C:\Program Files\Greenfoot\lib\javafx\lib\javafx.fxml.jar;C:\Program Files\Greenfoot\lib\javafx\lib\javafx.graphics.jar;C:\Program Files\Greenfoot\lib\javafx\lib\javafx.media.jar;C:\Program Files\Greenfoot\lib\javafx\lib\javafx.properties.jar;C:\Program Files\Greenfoot\lib\javafx\lib\javafx.swing.jar;C:\Program Files\Greenfoot\lib\javafx\lib\javafx.web.jar
Launcher Type: SUN_STANDARD

[Global flags]
     intx CICompilerCount                          = 4                                         {product} {ergonomic}
     uint ConcGCThreads                            = 2                                         {product} {ergonomic}
     uint G1ConcRefinementThreads                  = 8                                         {product} {ergonomic}
   size_t G1HeapRegionSize                         = 1048576                                   {product} {ergonomic}
    uintx GCDrainStackTargetSize                   = 64                                        {product} {ergonomic}
   size_t InitialHeapSize                          = 132120576                                 {product} {ergonomic}
   size_t MarkStackSize                            = 4194304                                   {product} {ergonomic}
   size_t MaxHeapSize                              = 2086666240                                {product} {ergonomic}
   size_t MaxNewSize                               = 1251999744                                {product} {ergonomic}
   size_t MinHeapDeltaBytes                        = 1048576                                   {product} {ergonomic}
    uintx NonNMethodCodeHeapSize                   = 5836300                                {pd product} {ergonomic}
    uintx NonProfiledCodeHeapSize                  = 122910970                              {pd product} {ergonomic}
    uintx ProfiledCodeHeapSize                     = 122910970                              {pd product} {ergonomic}
    uintx ReservedCodeCacheSize                    = 251658240                              {pd product} {ergonomic}
     bool SegmentedCodeCache                       = true                                      {product} {ergonomic}
     bool UseCompressedClassPointers               = true                                 {lp64_product} {ergonomic}
     bool UseCompressedOops                        = true                                 {lp64_product} {ergonomic}
     bool UseG1GC                                  = true                                      {product} {ergonomic}
     bool UseLargePagesIndividualAllocation        = false                                  {pd product} {ergonomic}

Logging:
Log output configuration:
 #0: stdout all=warning uptime,level,tags
 #1: stderr all=off uptime,level,tags

Environment Variables:
JAVA_HOME=C:\Program Files\Java\jdk-11.0.11
CLASSPATH=C:\Program Files\Java\jdk-16\lib
PATH=C:\Python39\Scripts\;C:\Python39\;C:\Program Files\Common Files\Oracle\Java\javapath;C:\windows\system32;C:\windows;C:\windows\System32\Wbem;C:\windows\System32\WindowsPowerShell\v1.0\;C:\windows\System32\OpenSSH\;C:\Program Files\PuTTY\;C:\Program Files\mingw-w64\x86_64-8.1.0-posix-seh-rt_v6-rev0\mingw64\bin;C:\Program Files\Git\cmd;C:\ProgramData\chocolatey\bin;C:\Program Files\nodejs\;C:\Program Files\Go\bin;C:\Program Files\CMake\bin;C:\Users\julie\AppData\Local\Programs\Python\Python39\Scripts;C:\buildtools\ant\apache-ant-1.9.16\bin;C:\tomcat\apache-tomcat-8.5.84;C:\apache-maven-3.9.0-bin\apache-maven-3.9.0\bin;C:\gradle-6.9.4\bin;C:\Program Files\PostgreSQL\15\bin;C:\Program Files\Java\jdk-16\bin;C:\Users\julie\AppData\Roaming\npm;C:\Users\julie\AppData\Local\Programs\Azure Data Studio\bin;C:\Users\julie\go\bin;C:\Users\julie\AppData\Local\Programs\Microsoft VS Code\bin
USERNAME=julie
OS=Windows_NT
PROCESSOR_IDENTIFIER=Intel64 Family 6 Model 140 Stepping 1, GenuineIntel



---------------  S Y S T E M  ---------------

OS: Windows 10 , 64 bit Build 19041 (10.0.19041.2788)
OS uptime: 24 days 17:02 hours

CPU:total 8 (initial active 8) (4 cores per cpu, 2 threads per core) family 6 model 140 stepping 1 microcode 0x86, cmov, cx8, fxsr, mmx, sse, sse2, sse3, ssse3, sse4.1, sse4.2, popcnt, avx, avx2, aes, clmul, erms, 3dnowpref, lzcnt, ht, tsc, tscinvbit, bmi1, bmi2, adx, evex, sha, fma

Memory: 4k page, system-wide physical 7953M (278M free)
TotalPageFile size 32529M (AvailPageFile size 0M)
current process WorkingSet (physical memory assigned to process): 394M, peak: 396M
current process commit charge ("private bytes"): 448M, peak: 448M

vm_info: OpenJDK 64-Bit Server VM (11.0.14.1+1) for windows-amd64 JRE (11.0.14.1+1), built on Feb  9 2022 01:48:27 by "" with unknown MS VC++:1916

END.
