#
# There is insufficient memory for the Java Runtime Environment to continue.
# Native memory allocation (mmap) failed to map 132120576 bytes for Failed to commit area from 0x0000000083a00000 to 0x000000008b800000 of length 132120576.
# Possible reasons:
#   The system is out of physical RAM or swap space
#   The process is running with CompressedOops enabled, and the Java Heap may be blocking the growth of the native heap
# Possible solutions:
#   Reduce memory load on the system
#   Increase physical memory or swap space
#   Check if swap backing store is full
#   Decrease Java heap size (-Xmx/-Xms)
#   Decrease number of Java threads
#   Decrease Java thread stack sizes (-Xss)
#   Set larger code cache with -XX:ReservedCodeCacheSize=
# This output file may be truncated or incomplete.
#
#  Out of Memory Error (./src/hotspot/os/windows/os_windows.cpp:3387), pid=44544, tid=32524
#
# JRE version:  (11.0.14.1+1) (build )
# Java VM: OpenJDK 64-Bit Server VM (11.0.14.1+1, mixed mode, sharing, tiered, compressed oops, g1 gc, windows-amd64)
# No core dump will be written. Minidumps are not enabled by default on client versions of Windows
#

---------------  S U M M A R Y ------------

Command Line: -XX:MaxGCPauseMillis=50 -agentlib:jdwp=transport=dt_shmem,address=javadebug -Dfile.encoding=UTF-8 bluej.runtime.ExecServer UTF-8

Host: 11th Gen Intel(R) Core(TM) i5-1135G7 @ 2.40GHz, 8 cores, 7G,  Windows 10 , 64 bit Build 19041 (10.0.19041.2788)
Time: Tue May  9 14:38:55 2023 Central Daylight Time elapsed time: 0.080766 seconds (0d 0h 0m 0s)

---------------  T H R E A D  ---------------

Current thread (0x00000279c2940800):  JavaThread "Unknown thread" [_thread_in_vm, id=32524, stack(0x000000a24e100000,0x000000a24e200000)]

Stack: [0x000000a24e100000,0x000000a24e200000]
Native frames: (J=compiled Java code, j=interpreted, Vv=VM code, C=native code)
V  [jvm.dll+0x61e59a]
V  [jvm.dll+0x7aaca9]
V  [jvm.dll+0x7ac398]
V  [jvm.dll+0x7aca73]
V  [jvm.dll+0x24f9b8]
V  [jvm.dll+0x61b83a]
V  [jvm.dll+0x6100c5]
V  [jvm.dll+0x30772c]
V  [jvm.dll+0x3075b2]
V  [jvm.dll+0x30c2d6]
V  [jvm.dll+0x35272f]
V  [jvm.dll+0x352160]
V  [jvm.dll+0x2e4728]
V  [jvm.dll+0x2e5886]
V  [jvm.dll+0x784b07]
V  [jvm.dll+0x78628f]
V  [jvm.dll+0x35f479]
V  [jvm.dll+0x767aa0]
V  [jvm.dll+0x3ccf1f]
V  [jvm.dll+0x3cf2b1]
C  [jli.dll+0x5207]
C  [ucrtbase.dll+0x21bb2]
C  [KERNEL32.DLL+0x17604]
C  [ntdll.dll+0x526a1]


---------------  P R O C E S S  ---------------

Threads class SMR info:
_java_thread_list=0x00000279c0854050, length=0, elements={
}

Java Threads: ( => current thread )

Other Threads:
  0x00000279c2957000 GCTaskThread "GC Thread#0" [stack: 0x000000a24e200000,0x000000a24e300000] [id=43164]
  0x00000279c2988000 ConcurrentGCThread "G1 Main Marker" [stack: 0x000000a24e300000,0x000000a24e400000] [id=1692]
  0x00000279c298a800 ConcurrentGCThread "G1 Conc#0" [stack: 0x000000a24e400000,0x000000a24e500000] [id=37216]

[error occurred during error reporting (printing all threads), id 0xc0000005, EXCEPTION_ACCESS_VIOLATION (0xc0000005) at pc=0x00007ffd206c3ef7]

VM state:not at safepoint (not fully initialized)

VM Mutex/Monitor currently owned by a thread:  ([mutex/lock_event])
[0x00000279c293d890] Heap_lock - owner thread: 0x00000279c2940800

Heap address: 0x0000000083a00000, size: 1990 MB, Compressed Oops mode: Non-zero based: 0x0000000083a00000
Narrow klass base: 0x0000000000000000, Narrow klass shift: 0

GC Heap History (0 events):
No events

Deoptimization events (0 events):
No events

Classes redefined (0 events):
No events

Internal exceptions (0 events):
No events

Events (1 events):
Event: 0.012 Loaded shared library C:\Program Files\Greenfoot\jdk\bin\zip.dll


Dynamic libraries:
0x00007ff7494f0000 - 0x00007ff7494fd000 	C:\Program Files\Greenfoot\jdk\bin\java.exe
0x00007ffd91330000 - 0x00007ffd91528000 	C:\windows\SYSTEM32\ntdll.dll
0x00007ffd90a00000 - 0x00007ffd90abf000 	C:\windows\System32\KERNEL32.DLL
0x00007ffd8f0b0000 - 0x00007ffd8f38a000 	C:\windows\System32\KERNELBASE.dll
0x00007ffd8ee70000 - 0x00007ffd8ef70000 	C:\windows\System32\ucrtbase.dll
0x00007ffd5fc00000 - 0x00007ffd5fc17000 	C:\Program Files\Greenfoot\jdk\bin\jli.dll
0x00007ffd7c280000 - 0x00007ffd7c295000 	C:\Program Files\Greenfoot\jdk\bin\VCRUNTIME140.dll
0x00007ffd8f390000 - 0x00007ffd8f52d000 	C:\windows\System32\USER32.dll
0x00007ffd8ee40000 - 0x00007ffd8ee62000 	C:\windows\System32\win32u.dll
0x00007ffd906f0000 - 0x00007ffd9071b000 	C:\windows\System32\GDI32.dll
0x00007ffd8ef70000 - 0x00007ffd8f080000 	C:\windows\System32\gdi32full.dll
0x00007ffd6ae00000 - 0x00007ffd6b09a000 	C:\windows\WinSxS\amd64_microsoft.windows.common-controls_6595b64144ccf1df_6.0.19041.1110_none_60b5254171f9507e\COMCTL32.dll
0x00007ffd8eca0000 - 0x00007ffd8ed3d000 	C:\windows\System32\msvcp_win.dll
0x00007ffd90ef0000 - 0x00007ffd90f8e000 	C:\windows\System32\msvcrt.dll
0x00007ffd905a0000 - 0x00007ffd905d0000 	C:\windows\System32\IMM32.DLL
0x00007ffd4d880000 - 0x00007ffd4d91b000 	C:\Program Files\Greenfoot\jdk\bin\msvcp140.dll
0x00007ffd203d0000 - 0x00007ffd20f51000 	C:\Program Files\Greenfoot\jdk\bin\server\jvm.dll
0x00007ffd90720000 - 0x00007ffd907ce000 	C:\windows\System32\ADVAPI32.dll
0x00007ffd90650000 - 0x00007ffd906ec000 	C:\windows\System32\sechost.dll
0x00007ffd8fd00000 - 0x00007ffd8fe26000 	C:\windows\System32\RPCRT4.dll
0x00007ffd903d0000 - 0x00007ffd903d8000 	C:\windows\System32\PSAPI.DLL
0x00007ffd84d90000 - 0x00007ffd84d9a000 	C:\windows\SYSTEM32\VERSION.dll
0x00007ffd6c2e0000 - 0x00007ffd6c2e9000 	C:\windows\SYSTEM32\WSOCK32.dll
0x00007ffd6ba50000 - 0x00007ffd6ba77000 	C:\windows\SYSTEM32\WINMM.dll
0x00007ffd90930000 - 0x00007ffd9099b000 	C:\windows\System32\WS2_32.dll
0x00007ffd8c8e0000 - 0x00007ffd8c8f2000 	C:\windows\SYSTEM32\kernel.appcore.dll
0x00007ffd844c0000 - 0x00007ffd844d0000 	C:\Program Files\Greenfoot\jdk\bin\verify.dll
0x00007ffd8c250000 - 0x00007ffd8c434000 	C:\windows\SYSTEM32\DBGHELP.DLL
0x00007ffd7cf80000 - 0x00007ffd7cfb4000 	C:\windows\SYSTEM32\dbgcore.DLL
0x00007ffd8ed40000 - 0x00007ffd8edc2000 	C:\windows\System32\bcryptPrimitives.dll
0x00007ffd5dce0000 - 0x00007ffd5dd08000 	C:\Program Files\Greenfoot\jdk\bin\java.dll
0x00007ffd7d240000 - 0x00007ffd7d24a000 	C:\Program Files\Greenfoot\jdk\bin\jimage.dll
0x00007ffd4eb60000 - 0x00007ffd4eb98000 	C:\Program Files\Greenfoot\jdk\bin\jdwp.dll
0x00007ffd5ea40000 - 0x00007ffd5ea58000 	C:\Program Files\Greenfoot\jdk\bin\zip.dll

dbghelp: loaded successfully - version: 4.0.5 - missing functions: none
symbol engine: initialized successfully - sym options: 0x614 - pdb path: .;C:\Program Files\Greenfoot\jdk\bin;C:\windows\SYSTEM32;C:\windows\WinSxS\amd64_microsoft.windows.common-controls_6595b64144ccf1df_6.0.19041.1110_none_60b5254171f9507e;C:\Program Files\Greenfoot\jdk\bin\server

VM Arguments:
jvm_args: -XX:MaxGCPauseMillis=50 -agentlib:jdwp=transport=dt_shmem,address=javadebug -Dfile.encoding=UTF-8 
java_command: bluej.runtime.ExecServer UTF-8
java_class_path (initial): C:\Program Files\Greenfoot\lib\greenfoot.jar;C:\Program Files\Greenfoot\lib\bluejcore.jar;C:\Program Files\Greenfoot\lib\bluejeditor.jar;C:\Program Files\Greenfoot\lib\bluejext2.jar;C:\Program Files\Greenfoot\lib\junit-jupiter-5.5.2.jar;C:\Program Files\Greenfoot\lib\junit-jupiter-api-5.5.2.jar;C:\Program Files\Greenfoot\lib\junit-jupiter-engine-5.5.2.jar;C:\Program Files\Greenfoot\lib\junit-jupiter-migrationsupport-5.5.2.jar;C:\Program Files\Greenfoot\lib\junit-jupiter-params-5.5.2.jar;C:\Program Files\Greenfoot\lib\junit-platform-commons-1.5.2.jar;C:\Program Files\Greenfoot\lib\junit-platform-console-1.5.2.jar;C:\Program Files\Greenfoot\lib\junit-platform-console-standalone-1.5.2.jar;C:\Program Files\Greenfoot\lib\junit-platform-engine-1.5.2.jar;C:\Program Files\Greenfoot\lib\junit-platform-launcher-1.5.2.jar;C:\Program Files\Greenfoot\lib\junit-platform-reporting-1.5.2.jar;C:\Program Files\Greenfoot\lib\junit-platform-runner-1.5.2.jar;C:\Program Files\Greenfoot\lib\junit-platform-suite-api-1.5.2.jar;C:\Program Files\Greenfoot\lib\junit-platform-testkit-1.5.2.jar;C:\Program Files\Greenfoot\lib\junit-quickcheck-core-0.9.jar;C:\Program Files\Greenfoot\lib\junit-vintage-engine-5.5.2.jar;C:\Program Files\Greenfoot\lib\hamcrest-core-1.3.jar;C:\Program Files\Greenfoot\lib\bluej.jar;C:\Program Files\Greenfoot\lib\classgraph-4.8.90.jar;C:\Program Files\Greenfoot\lib\diffutils-1.2.1.jar;C:\Program Files\Greenfoot\lib\commons-logging-api-1.1.2.jar;C:\Program Files\Greenfoot\lib\jl1.0.1.jar;C:\Program Files\Greenfoot\lib\opencsv-2.3.jar;C:\Program Files\Greenfoot\lib\xom-1.3.7.jar;C:\Program Files\Greenfoot\lib\lang-stride.jar;C:\Program Files\Greenfoot\lib\nsmenufx-2.1.8.jar;C:\Program Files\Greenfoot\lib\wellbehavedfx-0.3.3.jar;C:\Program Files\Greenfoot\lib\guava-17.0.jar;C:\Program Files\Greenfoot\lib\httpclient-4.1.1.jar;C:\Program Files\Greenfoot\lib\httpcore-4.1.jar;C:\Program Files\Greenfoot\lib\httpmime-4.1.1.jar;C:\Program Files\Greenfo
Launcher Type: SUN_STANDARD

[Global flags]
     intx CICompilerCount                          = 4                                         {product} {ergonomic}
     uint ConcGCThreads                            = 2                                         {product} {ergonomic}
     uint G1ConcRefinementThreads                  = 8                                         {product} {ergonomic}
   size_t G1HeapRegionSize                         = 1048576                                   {product} {ergonomic}
    uintx GCDrainStackTargetSize                   = 64                                        {product} {ergonomic}
   size_t InitialHeapSize                          = 132120576                                 {product} {ergonomic}
   size_t MarkStackSize                            = 4194304                                   {product} {ergonomic}
    uintx MaxGCPauseMillis                         = 50                                        {product} {command line}
   size_t MaxHeapSize                              = 2086666240                                {product} {ergonomic}
   size_t MinHeapDeltaBytes                        = 1048576                                   {product} {ergonomic}
    uintx NonNMethodCodeHeapSize                   = 5836300                                {pd product} {ergonomic}
    uintx NonProfiledCodeHeapSize                  = 122910970                              {pd product} {ergonomic}
    uintx ProfiledCodeHeapSize                     = 122910970                              {pd product} {ergonomic}
    uintx ReservedCodeCacheSize                    = 251658240                              {pd product} {ergonomic}
     bool SegmentedCodeCache                       = true                                      {product} {ergonomic}
     bool UseCompressedClassPointers               = true                                 {lp64_product} {ergonomic}
     bool UseCompressedOops                        = true                                 {lp64_product} {ergonomic}
     bool UseG1GC                                  = true                                      {product} {ergonomic}
     bool UseLargePagesIndividualAllocation        = false                                  {pd product} {ergonomic}

Logging:
Log output configuration:
 #0: stdout all=warning uptime,level,tags
 #1: stderr all=off uptime,level,tags

Environment Variables:
JAVA_HOME=C:\Program Files\Java\jdk-11.0.11
CLASSPATH=C:\Program Files\Java\jdk-16\lib
PATH=C:\Python39\Scripts\;C:\Python39\;C:\Program Files\Common Files\Oracle\Java\javapath;C:\windows\system32;C:\windows;C:\windows\System32\Wbem;C:\windows\System32\WindowsPowerShell\v1.0\;C:\windows\System32\OpenSSH\;C:\Program Files\PuTTY\;C:\Program Files\mingw-w64\x86_64-8.1.0-posix-seh-rt_v6-rev0\mingw64\bin;C:\Program Files\Git\cmd;C:\ProgramData\chocolatey\bin;C:\Program Files\nodejs\;C:\Program Files\Go\bin;C:\Program Files\CMake\bin;C:\Users\julie\AppData\Local\Programs\Python\Python39\Scripts;C:\buildtools\ant\apache-ant-1.9.16\bin;C:\tomcat\apache-tomcat-8.5.84;C:\apache-maven-3.9.0-bin\apache-maven-3.9.0\bin;C:\gradle-6.9.4\bin;C:\Program Files\PostgreSQL\15\bin;C:\Program Files\Java\jdk-16\bin;C:\Users\julie\AppData\Roaming\npm;C:\Users\julie\AppData\Local\Programs\Azure Data Studio\bin;C:\Users\julie\go\bin;C:\Users\julie\AppData\Local\Programs\Microsoft VS Code\bin
USERNAME=julie
OS=Windows_NT
PROCESSOR_IDENTIFIER=Intel64 Family 6 Model 140 Stepping 1, GenuineIntel



---------------  S Y S T E M  ---------------

OS: Windows 10 , 64 bit Build 19041 (10.0.19041.2788)
OS uptime: 24 days 15:04 hours

CPU:total 8 (initial active 8) (4 cores per cpu, 2 threads per core) family 6 model 140 stepping 1 microcode 0x86, cmov, cx8, fxsr, mmx, sse, sse2, sse3, ssse3, sse4.1, sse4.2, popcnt, avx, avx2, aes, clmul, erms, 3dnowpref, lzcnt, ht, tsc, tscinvbit, bmi1, bmi2, adx, evex, sha, fma

Memory: 4k page, system-wide physical 7953M (195M free)
TotalPageFile size 32529M (AvailPageFile size 14M)
current process WorkingSet (physical memory assigned to process): 10M, peak: 10M
current process commit charge ("private bytes"): 60M, peak: 186M

vm_info: OpenJDK 64-Bit Server VM (11.0.14.1+1) for windows-amd64 JRE (11.0.14.1+1), built on Feb  9 2022 01:48:27 by "" with unknown MS VC++:1916

END.
