#
# There is insufficient memory for the Java Runtime Environment to continue.
# Native memory allocation (mmap) failed to map 27262976 bytes for Failed to commit area from 0x000000008b800000 to 0x000000008d200000 of length 27262976.
# Possible reasons:
#   The system is out of physical RAM or swap space
#   The process is running with CompressedOops enabled, and the Java Heap may be blocking the growth of the native heap
# Possible solutions:
#   Reduce memory load on the system
#   Increase physical memory or swap space
#   Check if swap backing store is full
#   Decrease Java heap size (-Xmx/-Xms)
#   Decrease number of Java threads
#   Decrease Java thread stack sizes (-Xss)
#   Set larger code cache with -XX:ReservedCodeCacheSize=
#   JVM is running with Unscaled Compressed Oops mode in which the Java heap is
#     placed in the first 4GB address space. The Java Heap base address is the
#     maximum limit for the native heap growth. Please use -XX:HeapBaseMinAddress
#     to set the Java Heap base and to place the Java Heap above 4GB virtual address.
# This output file may be truncated or incomplete.
#
#  Out of Memory Error (./src/hotspot/os/windows/os_windows.cpp:3387), pid=41756, tid=26820
#
# JRE version: OpenJDK Runtime Environment Temurin-11.0.14.1+1 (11.0.14.1+1) (build 11.0.14.1+1)
# Java VM: OpenJDK 64-Bit Server VM Temurin-11.0.14.1+1 (11.0.14.1+1, mixed mode, tiered, compressed oops, g1 gc, windows-amd64)
# No core dump will be written. Minidumps are not enabled by default on client versions of Windows
#

---------------  S U M M A R Y ------------

Command Line: -Dhttps.protocols=TLSv1,TLSv1.1,TLSv1.2 bluej.Boot C:\Users\julie\Desktop\greenfootyanfangfinalproject0310\project.greenfoot -greenfoot=true -bluej.compiler.showunchecked=false

Host: 11th Gen Intel(R) Core(TM) i5-1135G7 @ 2.40GHz, 8 cores, 7G,  Windows 10 , 64 bit Build 19041 (10.0.19041.2788)
Time: Tue May  9 15:38:18 2023 Central Daylight Time elapsed time: 3.036743 seconds (0d 0h 0m 3s)

---------------  T H R E A D  ---------------

Current thread (0x00000208442b5000):  VMThread "VM Thread" [stack: 0x0000008470500000,0x0000008470600000] [id=26820]

Stack: [0x0000008470500000,0x0000008470600000]
[error occurred during error reporting (printing stack bounds), id 0xc0000005, EXCEPTION_ACCESS_VIOLATION (0xc0000005) at pc=0x000002082db312e7]

Native frames: (J=compiled Java code, j=interpreted, Vv=VM code, C=native code)
V  [jvm.dll+0x61e59a]
V  [jvm.dll+0x7aaca9]
V  [jvm.dll+0x7ac398]
V  [jvm.dll+0x7ac9d5]
V  [jvm.dll+0x7ac98b]
V  [jvm.dll+0x61d927]
V  [jvm.dll+0x61e038]
C  [ntdll.dll+0xa23df]
C  [ntdll.dll+0x514a4]
C  [ntdll.dll+0xa0f0e]
C  0x000002082db312e7

VM_Operation (0x00000084739fdd20): G1CollectForAllocation, mode: safepoint, requested by thread 0x0000020855739000


---------------  P R O C E S S  ---------------

Threads class SMR info:
_java_thread_list=0x0000020846878870, length=39, elements={
0x00000208253eb000, 0x00000208442c9000, 0x00000208442ca000, 0x00000208442be800,
0x00000208442c1800, 0x00000208442c3800, 0x00000208442c5000, 0x00000208442e6000,
0x00000208442eb800, 0x0000020844da5000, 0x0000020844e2b000, 0x0000020845154800,
0x000002084533c000, 0x000002084534a800, 0x0000020845d7e000, 0x0000020845d56000,
0x00000208467e2000, 0x00000208467b6000, 0x0000020846a89000, 0x0000020846a8d000,
0x0000020846a8c800, 0x0000020846a8a800, 0x0000020846a8a000, 0x0000020846a88000,
0x0000020846a8e800, 0x0000020846a8b800, 0x000002085573b800, 0x000002085573a000,
0x000002085573e000, 0x000002085573d000, 0x000002085573a800, 0x000002085573c800,
0x000002085573f000, 0x0000020855739000, 0x0000020855743800, 0x0000020855741800,
0x0000020855743000, 0x0000020855744800, 0x0000020855745800
}

Java Threads: ( => current thread )
  0x00000208253eb000 JavaThread "main" [_thread_blocked, id=5052, stack(0x000000846ff00000,0x0000008470000000)]
  0x00000208442c9000 JavaThread "Reference Handler" daemon [_thread_blocked, id=21988, stack(0x0000008470600000,0x0000008470700000)]
  0x00000208442ca000 JavaThread "Finalizer" daemon [_thread_blocked, id=46100, stack(0x0000008470700000,0x0000008470800000)]
  0x00000208442be800 JavaThread "Signal Dispatcher" daemon [_thread_blocked, id=43100, stack(0x0000008470800000,0x0000008470900000)]
  0x00000208442c1800 JavaThread "Attach Listener" daemon [_thread_blocked, id=36196, stack(0x0000008470900000,0x0000008470a00000)]
  0x00000208442c3800 JavaThread "Service Thread" daemon [_thread_blocked, id=42608, stack(0x0000008470a00000,0x0000008470b00000)]
  0x00000208442c5000 JavaThread "C2 CompilerThread0" daemon [_thread_blocked, id=38804, stack(0x0000008470b00000,0x0000008470c00000)]
  0x00000208442e6000 JavaThread "C1 CompilerThread0" daemon [_thread_blocked, id=37052, stack(0x0000008470c00000,0x0000008470d00000)]
  0x00000208442eb800 JavaThread "Sweeper thread" daemon [_thread_blocked, id=38212, stack(0x0000008470d00000,0x0000008470e00000)]
  0x0000020844da5000 JavaThread "Common-Cleaner" daemon [_thread_blocked, id=17912, stack(0x0000008470f00000,0x0000008471000000)]
  0x0000020844e2b000 JavaThread "JavaFX-Launcher" [_thread_blocked, id=14596, stack(0x0000008471000000,0x0000008471100000)]
  0x0000020845154800 JavaThread "QuantumRenderer-0" daemon [_thread_blocked, id=43596, stack(0x0000008471100000,0x0000008471200000)]
  0x000002084533c000 JavaThread "InvokeLaterDispatcher" daemon [_thread_blocked, id=15596, stack(0x0000008471200000,0x0000008471300000)]
  0x000002084534a800 JavaThread "JavaFX Application Thread" [_thread_in_native, id=39552, stack(0x0000008471300000,0x0000008471400000)]
  0x0000020845d7e000 JavaThread "Thread-2" daemon [_thread_blocked, id=20300, stack(0x0000008471700000,0x0000008471800000)]
  0x0000020845d56000 JavaThread "subMain thread" [_thread_blocked, id=41468, stack(0x0000008471800000,0x0000008471900000)]
  0x00000208467e2000 JavaThread "Java2D Disposer" daemon [_thread_blocked, id=38116, stack(0x0000008472400000,0x0000008472500000)]
  0x00000208467b6000 JavaThread "AWT-Windows" daemon [_thread_in_native, id=25740, stack(0x0000008472700000,0x0000008472800000)]
  0x0000020846a89000 JavaThread "Prism Font Disposer" daemon [_thread_blocked, id=42572, stack(0x0000008472a00000,0x0000008472b00000)]
  0x0000020846a8d000 JavaThread "pool-2-thread-1" [_thread_blocked, id=43716, stack(0x0000008472c00000,0x0000008472d00000)]
  0x0000020846a8c800 JavaThread "Import scanner" [_thread_blocked, id=30276, stack(0x0000008472d00000,0x0000008472e00000)]
  0x0000020846a8a800 JavaThread "VMCommsMain" [_thread_blocked, id=46300, stack(0x0000008472f00000,0x0000008473000000)]
  0x0000020846a8a000 JavaThread "Timer-0" [_thread_blocked, id=29948, stack(0x0000008473000000,0x0000008473100000)]
  0x0000020846a88000 JavaThread "Keep-Alive-Timer" daemon [_thread_blocked, id=28184, stack(0x0000008472600000,0x0000008472700000)]
  0x0000020846a8e800 JavaThread "JDI Internal Event Handler" daemon [_thread_blocked, id=43012, stack(0x0000008472800000,0x0000008472900000)]
  0x0000020846a8b800 JavaThread "JDI Target VM Interface" daemon [_thread_blocked, id=39940, stack(0x0000008473100000,0x0000008473200000)]
  0x000002085573b800 JavaThread "BlueJ I/O Handler" [_thread_in_native, id=44560, stack(0x0000008473200000,0x0000008473300000)]
  0x000002085573a000 JavaThread "BlueJ I/O Handler" [_thread_in_native, id=46632, stack(0x0000008473300000,0x0000008473400000)]
  0x000002085573e000 JavaThread "BlueJ I/O Handler" [_thread_blocked, id=47016, stack(0x0000008473400000,0x0000008473500000)]
  0x000002085573d000 JavaThread "VM Event Handler Helper" [_thread_blocked, id=39236, stack(0x0000008473500000,0x0000008473600000)]
  0x000002085573a800 JavaThread "vm-event-handler" [_thread_blocked, id=38368, stack(0x0000008473600000,0x0000008473700000)]
  0x000002085573c800 JavaThread "Cleaner-0" daemon [_thread_blocked, id=43664, stack(0x0000008473700000,0x0000008473800000)]
  0x000002085573f000 JavaThread "ClassGraph-worker-0" daemon [_thread_blocked, id=42444, stack(0x0000008473800000,0x0000008473900000)]
  0x0000020855739000 JavaThread "ClassGraph-worker-1" daemon [_thread_blocked, id=31328, stack(0x0000008473900000,0x0000008473a00000)]
  0x0000020855743800 JavaThread "ClassGraph-worker-2" daemon [_thread_blocked, id=41912, stack(0x0000008473a00000,0x0000008473b00000)]
  0x0000020855741800 JavaThread "ClassGraph-worker-3" daemon [_thread_blocked, id=42640, stack(0x0000008473b00000,0x0000008473c00000)]
  0x0000020855743000 JavaThread "ClassGraph-worker-4" daemon [_thread_blocked, id=39308, stack(0x0000008473c00000,0x0000008473d00000)]
  0x0000020855744800 JavaThread "ClassGraph-worker-5" daemon [_thread_blocked, id=40908, stack(0x0000008473d00000,0x0000008473e00000)]
  0x0000020855745800 JavaThread "ClassGraph-worker-6" daemon [_thread_blocked, id=33516, stack(0x0000008473e00000,0x0000008473f00000)]

Other Threads:
=>0x00000208442b5000 VMThread "VM Thread" [stack: 0x0000008470500000,0x0000008470600000] [id=26820]
  0x0000020844d9c800 WatcherThread [stack: 0x0000008470e00000,0x0000008470f00000] [id=23772]
  0x0000020825402000 GCTaskThread "GC Thread#0" [stack: 0x0000008470000000,0x0000008470100000] [id=3616]
  0x0000020845fce000 GCTaskThread "GC Thread#1" [stack: 0x0000008471900000,0x0000008471a00000] [id=34140]
  0x0000020846061800 GCTaskThread "GC Thread#2" [stack: 0x0000008471a00000,0x0000008471b00000] [id=22820]
  0x0000020846062000 GCTaskThread "GC Thread#3" [stack: 0x0000008471b00000,0x0000008471c00000] [id=46264]
  0x0000020845eff800 GCTaskThread "GC Thread#4" [stack: 0x0000008471c00000,0x0000008471d00000] [id=4932]
  0x0000020845f00800 GCTaskThread "GC Thread#5" [stack: 0x0000008471d00000,0x0000008471e00000] [id=39124]
  0x0000020845fb6000 GCTaskThread "GC Thread#6" [stack: 0x0000008471e00000,0x0000008471f00000] [id=28032]
  0x0000020845fb7000 GCTaskThread "GC Thread#7" [stack: 0x0000008471f00000,0x0000008472000000] [id=12480]
  0x0000020825434800 ConcurrentGCThread "G1 Main Marker" [stack: 0x0000008470100000,0x0000008470200000] [id=45088]
  0x0000020825437000 ConcurrentGCThread "G1 Conc#0" [stack: 0x0000008470200000,0x0000008470300000] [id=36436]
  0x0000020846c97800 ConcurrentGCThread "G1 Conc#1" [stack: 0x0000008472900000,0x0000008472a00000] [id=41308]
  0x0000020844100800 ConcurrentGCThread "G1 Refine#0" [stack: 0x0000008470300000,0x0000008470400000] [id=44576]
  0x0000020844ed5000 ConcurrentGCThread "G1 Refine#1" [stack: 0x0000008472000000,0x0000008472100000] [id=19656]
  0x0000020844101800 ConcurrentGCThread "G1 Young RemSet Sampling" [stack: 0x0000008470400000,0x0000008470500000] [id=10480]

Threads with active compile tasks:
C2 CompilerThread0   3059 4248   !   4       io.github.classgraph.Classfile::readConstantPoolEntries (848 bytes)
C1 CompilerThread0   3059 4279       3       io.github.classgraph.Classfile::readFields (589 bytes)

VM state:at safepoint (normal execution)

VM Mutex/Monitor currently owned by a thread:  ([mutex/lock_event])
[0x00000208253e6df0] Threads_lock - owner thread: 0x00000208442b5000
[0x00000208253e5c80] Heap_lock - owner thread: 0x0000020855739000

Heap address: 0x0000000083a00000, size: 1990 MB, Compressed Oops mode: 32-bit
Narrow klass base: 0x0000000000000000, Narrow klass shift: 3
Compressed class space size: 1073741824 Address: 0x0000000100000000

Heap:
 garbage-first heap   total 155648K, used 31818K [0x0000000083a00000, 0x0000000100000000)
  region size 1024K, 5 young (5120K), 5 survivors (5120K)
 Metaspace       used 43745K, capacity 45469K, committed 45568K, reserved 1089536K
  class space    used 5624K, capacity 6350K, committed 6400K, reserved 1048576K
Heap Regions: E=young(eden), S=young(survivor), O=old, HS=humongous(starts), HC=humongous(continues), CS=collection set, F=free, A=archive, TAMS=top-at-mark-start (previous, next)
|   0|0x0000000083a00000, 0x0000000083b00000, 0x0000000083b00000|100%|HS|  |TAMS 0x0000000083b00000, 0x0000000083a00000| Complete 
|   1|0x0000000083b00000, 0x0000000083c00000, 0x0000000083c00000|100%| O|  |TAMS 0x0000000083c00000, 0x0000000083b00000| Untracked 
|   2|0x0000000083c00000, 0x0000000083d00000, 0x0000000083d00000|100%| O|  |TAMS 0x0000000083d00000, 0x0000000083c00000| Untracked 
|   3|0x0000000083d00000, 0x0000000083e00000, 0x0000000083e00000|100%| O|  |TAMS 0x0000000083e00000, 0x0000000083d00000| Untracked 
|   4|0x0000000083e00000, 0x0000000083f00000, 0x0000000083f00000|100%| O|  |TAMS 0x0000000083f00000, 0x0000000083e00000| Untracked 
|   5|0x0000000083f00000, 0x0000000084000000, 0x0000000084000000|100%| O|  |TAMS 0x0000000084000000, 0x0000000083f00000| Untracked 
|   6|0x0000000084000000, 0x0000000084100000, 0x0000000084100000|100%| O|  |TAMS 0x000000008408ec00, 0x0000000084000000| Untracked 
|   7|0x0000000084100000, 0x0000000084200000, 0x0000000084200000|100%|HS|  |TAMS 0x0000000084100000, 0x0000000084100000| Complete 
|   8|0x0000000084200000, 0x0000000084300000, 0x0000000084300000|100%|HC|  |TAMS 0x0000000084200000, 0x0000000084200000| Complete 
|   9|0x0000000084300000, 0x0000000084400000, 0x0000000084400000|100%|HS|  |TAMS 0x0000000084300000, 0x0000000084300000| Complete 
|  10|0x0000000084400000, 0x0000000084500000, 0x0000000084500000|100%|HC|  |TAMS 0x0000000084400000, 0x0000000084400000| Complete 
|  11|0x0000000084500000, 0x0000000084600000, 0x0000000084600000|100%| O|  |TAMS 0x0000000084500000, 0x0000000084500000| Untracked 
|  12|0x0000000084600000, 0x0000000084700000, 0x0000000084700000|100%| O|  |TAMS 0x0000000084600000, 0x0000000084600000| Untracked 
|  13|0x0000000084700000, 0x0000000084800000, 0x0000000084800000|100%| O|  |TAMS 0x0000000084700000, 0x0000000084700000| Untracked 
|  14|0x0000000084800000, 0x0000000084900000, 0x0000000084900000|100%| O|  |TAMS 0x0000000084800000, 0x0000000084800000| Untracked 
|  15|0x0000000084900000, 0x0000000084a00000, 0x0000000084a00000|100%| O|  |TAMS 0x0000000084900000, 0x0000000084900000| Untracked 
|  16|0x0000000084a00000, 0x0000000084b00000, 0x0000000084b00000|100%| O|  |TAMS 0x0000000084a00000, 0x0000000084a00000| Untracked 
|  17|0x0000000084b00000, 0x0000000084c00000, 0x0000000084c00000|100%| O|  |TAMS 0x0000000084b00000, 0x0000000084b00000| Untracked 
|  18|0x0000000084c00000, 0x0000000084d00000, 0x0000000084d00000|100%| O|  |TAMS 0x0000000084c00000, 0x0000000084c00000| Untracked 
|  19|0x0000000084d00000, 0x0000000084e00000, 0x0000000084e00000|100%| O|  |TAMS 0x0000000084d00000, 0x0000000084d00000| Untracked 
|  20|0x0000000084e00000, 0x0000000084f00000, 0x0000000084f00000|100%| O|  |TAMS 0x0000000084e00000, 0x0000000084e00000| Untracked 
|  21|0x0000000084f00000, 0x0000000085000000, 0x0000000085000000|100%| O|  |TAMS 0x0000000084f00000, 0x0000000084f00000| Untracked 
|  22|0x0000000085000000, 0x0000000085100000, 0x0000000085100000|100%| O|  |TAMS 0x0000000085000000, 0x0000000085000000| Untracked 
|  23|0x0000000085100000, 0x0000000085200000, 0x0000000085200000|100%| O|  |TAMS 0x0000000085100000, 0x0000000085100000| Untracked 
|  24|0x0000000085200000, 0x0000000085300000, 0x0000000085300000|100%| O|  |TAMS 0x0000000085200000, 0x0000000085200000| Untracked 
|  25|0x0000000085300000, 0x0000000085400000, 0x0000000085400000|100%| O|  |TAMS 0x0000000085300000, 0x0000000085300000| Untracked 
|  26|0x0000000085400000, 0x00000000854a8000, 0x0000000085500000| 65%| O|  |TAMS 0x0000000085400000, 0x0000000085400000| Untracked 
|  27|0x0000000085500000, 0x0000000085500000, 0x0000000085600000|  0%| F|  |TAMS 0x0000000085500000, 0x0000000085500000| Untracked 
|  28|0x0000000085600000, 0x0000000085600000, 0x0000000085700000|  0%| F|  |TAMS 0x0000000085600000, 0x0000000085600000| Untracked 
|  29|0x0000000085700000, 0x0000000085700000, 0x0000000085800000|  0%| F|  |TAMS 0x0000000085700000, 0x0000000085700000| Untracked 
|  30|0x0000000085800000, 0x0000000085800000, 0x0000000085900000|  0%| F|  |TAMS 0x0000000085800000, 0x0000000085800000| Untracked 
|  31|0x0000000085900000, 0x0000000085900000, 0x0000000085a00000|  0%| F|  |TAMS 0x0000000085900000, 0x0000000085900000| Untracked 
|  32|0x0000000085a00000, 0x0000000085a00000, 0x0000000085b00000|  0%| F|  |TAMS 0x0000000085a00000, 0x0000000085a00000| Untracked 
|  33|0x0000000085b00000, 0x0000000085b00000, 0x0000000085c00000|  0%| F|  |TAMS 0x0000000085b00000, 0x0000000085b00000| Untracked 
|  34|0x0000000085c00000, 0x0000000085c00000, 0x0000000085d00000|  0%| F|  |TAMS 0x0000000085c00000, 0x0000000085c00000| Untracked 
|  35|0x0000000085d00000, 0x0000000085d00000, 0x0000000085e00000|  0%| F|  |TAMS 0x0000000085d00000, 0x0000000085d00000| Untracked 
|  36|0x0000000085e00000, 0x0000000085e00000, 0x0000000085f00000|  0%| F|  |TAMS 0x0000000085e00000, 0x0000000085e00000| Untracked 
|  37|0x0000000085f00000, 0x0000000085f00000, 0x0000000086000000|  0%| F|  |TAMS 0x0000000085f00000, 0x0000000085f00000| Untracked 
|  38|0x0000000086000000, 0x0000000086000000, 0x0000000086100000|  0%| F|  |TAMS 0x0000000086000000, 0x0000000086000000| Untracked 
|  39|0x0000000086100000, 0x0000000086100000, 0x0000000086200000|  0%| F|  |TAMS 0x0000000086100000, 0x0000000086100000| Untracked 
|  40|0x0000000086200000, 0x0000000086200000, 0x0000000086300000|  0%| F|  |TAMS 0x0000000086200000, 0x0000000086200000| Untracked 
|  41|0x0000000086300000, 0x0000000086300000, 0x0000000086400000|  0%| F|  |TAMS 0x0000000086300000, 0x0000000086300000| Untracked 
|  42|0x0000000086400000, 0x0000000086400000, 0x0000000086500000|  0%| F|  |TAMS 0x0000000086400000, 0x0000000086400000| Untracked 
|  43|0x0000000086500000, 0x0000000086500000, 0x0000000086600000|  0%| F|  |TAMS 0x0000000086500000, 0x0000000086500000| Untracked 
|  44|0x0000000086600000, 0x0000000086600000, 0x0000000086700000|  0%| F|  |TAMS 0x0000000086600000, 0x0000000086600000| Untracked 
|  45|0x0000000086700000, 0x0000000086700000, 0x0000000086800000|  0%| F|  |TAMS 0x0000000086700000, 0x0000000086700000| Untracked 
|  46|0x0000000086800000, 0x0000000086800000, 0x0000000086900000|  0%| F|  |TAMS 0x0000000086800000, 0x0000000086800000| Untracked 
|  47|0x0000000086900000, 0x0000000086900000, 0x0000000086a00000|  0%| F|  |TAMS 0x0000000086900000, 0x0000000086900000| Untracked 
|  48|0x0000000086a00000, 0x0000000086a00000, 0x0000000086b00000|  0%| F|  |TAMS 0x0000000086a00000, 0x0000000086a00000| Untracked 
|  49|0x0000000086b00000, 0x0000000086b00000, 0x0000000086c00000|  0%| F|  |TAMS 0x0000000086b00000, 0x0000000086b00000| Untracked 
|  50|0x0000000086c00000, 0x0000000086c00000, 0x0000000086d00000|  0%| F|  |TAMS 0x0000000086c00000, 0x0000000086c00000| Untracked 
|  51|0x0000000086d00000, 0x0000000086d00000, 0x0000000086e00000|  0%| F|  |TAMS 0x0000000086d00000, 0x0000000086d00000| Untracked 
|  52|0x0000000086e00000, 0x0000000086e00000, 0x0000000086f00000|  0%| F|  |TAMS 0x0000000086e00000, 0x0000000086e00000| Untracked 
|  53|0x0000000086f00000, 0x0000000086f00000, 0x0000000087000000|  0%| F|  |TAMS 0x0000000086f00000, 0x0000000086f00000| Untracked 
|  54|0x0000000087000000, 0x0000000087000000, 0x0000000087100000|  0%| F|  |TAMS 0x0000000087000000, 0x0000000087000000| Untracked 
|  55|0x0000000087100000, 0x0000000087100000, 0x0000000087200000|  0%| F|  |TAMS 0x0000000087100000, 0x0000000087100000| Untracked 
|  56|0x0000000087200000, 0x0000000087200000, 0x0000000087300000|  0%| F|  |TAMS 0x0000000087200000, 0x0000000087200000| Untracked 
|  57|0x0000000087300000, 0x0000000087300000, 0x0000000087400000|  0%| F|  |TAMS 0x0000000087300000, 0x0000000087300000| Untracked 
|  58|0x0000000087400000, 0x0000000087400000, 0x0000000087500000|  0%| F|  |TAMS 0x0000000087400000, 0x0000000087400000| Untracked 
|  59|0x0000000087500000, 0x0000000087500000, 0x0000000087600000|  0%| F|  |TAMS 0x0000000087500000, 0x0000000087500000| Untracked 
|  60|0x0000000087600000, 0x0000000087600000, 0x0000000087700000|  0%| F|  |TAMS 0x0000000087600000, 0x0000000087600000| Untracked 
|  61|0x0000000087700000, 0x0000000087700000, 0x0000000087800000|  0%| F|  |TAMS 0x0000000087700000, 0x0000000087700000| Untracked 
|  62|0x0000000087800000, 0x0000000087800000, 0x0000000087900000|  0%| F|  |TAMS 0x0000000087800000, 0x0000000087800000| Untracked 
|  63|0x0000000087900000, 0x0000000087900000, 0x0000000087a00000|  0%| F|  |TAMS 0x0000000087900000, 0x0000000087900000| Untracked 
|  64|0x0000000087a00000, 0x0000000087a00000, 0x0000000087b00000|  0%| F|  |TAMS 0x0000000087a00000, 0x0000000087a00000| Untracked 
|  65|0x0000000087b00000, 0x0000000087b00000, 0x0000000087c00000|  0%| F|  |TAMS 0x0000000087b00000, 0x0000000087b00000| Untracked 
|  66|0x0000000087c00000, 0x0000000087c00000, 0x0000000087d00000|  0%| F|  |TAMS 0x0000000087c00000, 0x0000000087c00000| Untracked 
|  67|0x0000000087d00000, 0x0000000087d00000, 0x0000000087e00000|  0%| F|  |TAMS 0x0000000087d00000, 0x0000000087d00000| Untracked 
|  68|0x0000000087e00000, 0x0000000087e00000, 0x0000000087f00000|  0%| F|  |TAMS 0x0000000087e00000, 0x0000000087e00000| Untracked 
|  69|0x0000000087f00000, 0x0000000087f00000, 0x0000000088000000|  0%| F|  |TAMS 0x0000000087f00000, 0x0000000087f00000| Untracked 
|  70|0x0000000088000000, 0x0000000088000000, 0x0000000088100000|  0%| F|  |TAMS 0x0000000088000000, 0x0000000088000000| Untracked 
|  71|0x0000000088100000, 0x0000000088100000, 0x0000000088200000|  0%| F|  |TAMS 0x0000000088100000, 0x0000000088100000| Untracked 
|  72|0x0000000088200000, 0x000000008826ab48, 0x0000000088300000| 41%| S|CS|TAMS 0x0000000088200000, 0x0000000088200000| Complete 
|  73|0x0000000088300000, 0x0000000088400000, 0x0000000088400000|100%| S|CS|TAMS 0x0000000088300000, 0x0000000088300000| Complete 
|  74|0x0000000088400000, 0x0000000088500000, 0x0000000088500000|100%| S|CS|TAMS 0x0000000088400000, 0x0000000088400000| Complete 
|  75|0x0000000088500000, 0x0000000088600000, 0x0000000088600000|100%| S|CS|TAMS 0x0000000088500000, 0x0000000088500000| Complete 
|  76|0x0000000088600000, 0x0000000088700000, 0x0000000088700000|100%| S|CS|TAMS 0x0000000088600000, 0x0000000088600000| Complete 
|  77|0x0000000088700000, 0x0000000088700000, 0x0000000088800000|  0%| F|  |TAMS 0x0000000088700000, 0x0000000088700000| Untracked 
|  78|0x0000000088800000, 0x0000000088800000, 0x0000000088900000|  0%| F|  |TAMS 0x0000000088800000, 0x0000000088800000| Untracked 
|  79|0x0000000088900000, 0x0000000088900000, 0x0000000088a00000|  0%| F|  |TAMS 0x0000000088900000, 0x0000000088900000| Untracked 
|  80|0x0000000088a00000, 0x0000000088a00000, 0x0000000088b00000|  0%| F|  |TAMS 0x0000000088a00000, 0x0000000088a00000| Untracked 
|  81|0x0000000088b00000, 0x0000000088b00000, 0x0000000088c00000|  0%| F|  |TAMS 0x0000000088b00000, 0x0000000088b00000| Untracked 
|  82|0x0000000088c00000, 0x0000000088c00000, 0x0000000088d00000|  0%| F|  |TAMS 0x0000000088c00000, 0x0000000088c00000| Untracked 
|  83|0x0000000088d00000, 0x0000000088d00000, 0x0000000088e00000|  0%| F|  |TAMS 0x0000000088d00000, 0x0000000088d00000| Untracked 
|  84|0x0000000088e00000, 0x0000000088e00000, 0x0000000088f00000|  0%| F|  |TAMS 0x0000000088e00000, 0x0000000088e00000| Untracked 
|  85|0x0000000088f00000, 0x0000000088f00000, 0x0000000089000000|  0%| F|  |TAMS 0x0000000088f00000, 0x0000000088f00000| Untracked 
|  86|0x0000000089000000, 0x0000000089000000, 0x0000000089100000|  0%| F|  |TAMS 0x0000000089000000, 0x0000000089000000| Untracked 
|  87|0x0000000089100000, 0x0000000089100000, 0x0000000089200000|  0%| F|  |TAMS 0x0000000089100000, 0x0000000089100000| Untracked 
|  88|0x0000000089200000, 0x0000000089200000, 0x0000000089300000|  0%| F|  |TAMS 0x0000000089200000, 0x0000000089200000| Untracked 
|  89|0x0000000089300000, 0x0000000089300000, 0x0000000089400000|  0%| F|  |TAMS 0x0000000089300000, 0x0000000089300000| Untracked 
|  90|0x0000000089400000, 0x0000000089400000, 0x0000000089500000|  0%| F|  |TAMS 0x0000000089400000, 0x0000000089400000| Untracked 
|  91|0x0000000089500000, 0x0000000089500000, 0x0000000089600000|  0%| F|  |TAMS 0x0000000089500000, 0x0000000089500000| Untracked 
|  92|0x0000000089600000, 0x0000000089600000, 0x0000000089700000|  0%| F|  |TAMS 0x0000000089600000, 0x0000000089600000| Untracked 
|  93|0x0000000089700000, 0x0000000089700000, 0x0000000089800000|  0%| F|  |TAMS 0x0000000089700000, 0x0000000089700000| Untracked 
|  94|0x0000000089800000, 0x0000000089800000, 0x0000000089900000|  0%| F|  |TAMS 0x0000000089800000, 0x0000000089800000| Untracked 
|  95|0x0000000089900000, 0x0000000089900000, 0x0000000089a00000|  0%| F|  |TAMS 0x0000000089900000, 0x0000000089900000| Untracked 
|  96|0x0000000089a00000, 0x0000000089a00000, 0x0000000089b00000|  0%| F|  |TAMS 0x0000000089a00000, 0x0000000089a00000| Untracked 
|  97|0x0000000089b00000, 0x0000000089b00000, 0x0000000089c00000|  0%| F|  |TAMS 0x0000000089b00000, 0x0000000089b00000| Untracked 
|  98|0x0000000089c00000, 0x0000000089c00000, 0x0000000089d00000|  0%| F|  |TAMS 0x0000000089c00000, 0x0000000089c00000| Untracked 
|  99|0x0000000089d00000, 0x0000000089d00000, 0x0000000089e00000|  0%| F|  |TAMS 0x0000000089d00000, 0x0000000089d00000| Untracked 
| 100|0x0000000089e00000, 0x0000000089e00000, 0x0000000089f00000|  0%| F|  |TAMS 0x0000000089e00000, 0x0000000089e00000| Untracked 
| 101|0x0000000089f00000, 0x0000000089f00000, 0x000000008a000000|  0%| F|  |TAMS 0x0000000089f00000, 0x0000000089f00000| Untracked 
| 102|0x000000008a000000, 0x000000008a000000, 0x000000008a100000|  0%| F|  |TAMS 0x000000008a000000, 0x000000008a000000| Untracked 
| 103|0x000000008a100000, 0x000000008a100000, 0x000000008a200000|  0%| F|  |TAMS 0x000000008a100000, 0x000000008a100000| Untracked 
| 104|0x000000008a200000, 0x000000008a200000, 0x000000008a300000|  0%| F|  |TAMS 0x000000008a200000, 0x000000008a200000| Untracked 
| 105|0x000000008a300000, 0x000000008a300000, 0x000000008a400000|  0%| F|  |TAMS 0x000000008a300000, 0x000000008a300000| Untracked 
| 106|0x000000008a400000, 0x000000008a400000, 0x000000008a500000|  0%| F|  |TAMS 0x000000008a400000, 0x000000008a400000| Untracked 
| 107|0x000000008a500000, 0x000000008a500000, 0x000000008a600000|  0%| F|  |TAMS 0x000000008a500000, 0x000000008a500000| Untracked 
| 108|0x000000008a600000, 0x000000008a600000, 0x000000008a700000|  0%| F|  |TAMS 0x000000008a600000, 0x000000008a600000| Untracked 
| 109|0x000000008a700000, 0x000000008a700000, 0x000000008a800000|  0%| F|  |TAMS 0x000000008a700000, 0x000000008a700000| Untracked 
| 110|0x000000008a800000, 0x000000008a800000, 0x000000008a900000|  0%| F|  |TAMS 0x000000008a800000, 0x000000008a800000| Untracked 
| 111|0x000000008a900000, 0x000000008a900000, 0x000000008aa00000|  0%| F|  |TAMS 0x000000008a900000, 0x000000008a900000| Untracked 
| 112|0x000000008aa00000, 0x000000008aa00000, 0x000000008ab00000|  0%| F|  |TAMS 0x000000008aa00000, 0x000000008aa00000| Untracked 
| 113|0x000000008ab00000, 0x000000008ab00000, 0x000000008ac00000|  0%| F|  |TAMS 0x000000008ab00000, 0x000000008ab00000| Untracked 
| 114|0x000000008ac00000, 0x000000008ac00000, 0x000000008ad00000|  0%| F|  |TAMS 0x000000008ac00000, 0x000000008ac00000| Untracked 
| 115|0x000000008ad00000, 0x000000008ad00000, 0x000000008ae00000|  0%| F|  |TAMS 0x000000008ad00000, 0x000000008ad00000| Untracked 
| 116|0x000000008ae00000, 0x000000008ae00000, 0x000000008af00000|  0%| F|  |TAMS 0x000000008ae00000, 0x000000008ae00000| Untracked 
| 117|0x000000008af00000, 0x000000008af00000, 0x000000008b000000|  0%| F|  |TAMS 0x000000008af00000, 0x000000008af00000| Untracked 
| 118|0x000000008b000000, 0x000000008b000000, 0x000000008b100000|  0%| F|  |TAMS 0x000000008b000000, 0x000000008b000000| Untracked 
| 119|0x000000008b100000, 0x000000008b100000, 0x000000008b200000|  0%| F|  |TAMS 0x000000008b100000, 0x000000008b100000| Untracked 
| 120|0x000000008b200000, 0x000000008b200000, 0x000000008b300000|  0%| F|  |TAMS 0x000000008b200000, 0x000000008b200000| Untracked 
| 121|0x000000008b300000, 0x000000008b300000, 0x000000008b400000|  0%| F|  |TAMS 0x000000008b300000, 0x000000008b300000| Untracked 
| 122|0x000000008b400000, 0x000000008b400000, 0x000000008b500000|  0%| F|  |TAMS 0x000000008b400000, 0x000000008b400000| Untracked 
| 123|0x000000008b500000, 0x000000008b500000, 0x000000008b600000|  0%| F|  |TAMS 0x000000008b500000, 0x000000008b500000| Untracked 
| 124|0x000000008b600000, 0x000000008b600000, 0x000000008b700000|  0%| F|  |TAMS 0x000000008b600000, 0x000000008b600000| Untracked 
| 125|0x000000008b700000, 0x000000008b700000, 0x000000008b800000|  0%| F|  |TAMS 0x000000008b700000, 0x000000008b700000| Untracked 

Card table byte_map: [0x000002083d250000,0x000002083d640000] _byte_map_base: 0x000002083ce33000

Marking Bits (Prev, Next): (CMBitMap*) 0x000002082542c078, (CMBitMap*) 0x000002082542c0b0
 Prev Bits: [0x000002083da30000, 0x000002083f948000)
 Next Bits: [0x000002083f950000, 0x0000020841868000)

Polling page: 0x0000020823330000

Metaspace:

Usage:
  Non-class:     38.20 MB capacity,    37.23 MB ( 97%) used,   802.01 KB (  2%) free+waste,   196.44 KB ( <1%) overhead. 
      Class:      6.20 MB capacity,     5.49 MB ( 89%) used,   626.63 KB ( 10%) free+waste,    98.50 KB (  2%) overhead. 
       Both:     44.40 MB capacity,    42.72 MB ( 96%) used,     1.40 MB (  3%) free+waste,   294.94 KB ( <1%) overhead. 

Virtual space:
  Non-class space:       40.00 MB reserved,      38.25 MB ( 96%) committed 
      Class space:        1.00 GB reserved,       6.25 MB ( <1%) committed 
             Both:        1.04 GB reserved,      44.50 MB (  4%) committed 

Chunk freelists:
   Non-Class:  49.00 KB
       Class:  18.00 KB
        Both:  67.00 KB

MaxMetaspaceSize: 17179869184.00 GB
CompressedClassSpaceSize: 1.00 GB
Initial GC threshold: 20.80 MB
Current GC threshold: 58.54 MB
CDS: off

CodeHeap 'non-profiled nmethods': size=120000Kb used=1670Kb max_used=1670Kb free=118330Kb
 bounds [0x0000020835600000, 0x0000020835870000, 0x000002083cb30000]
CodeHeap 'profiled nmethods': size=120000Kb used=8566Kb max_used=8566Kb free=111433Kb
 bounds [0x000002082e0d0000, 0x000002082e930000, 0x0000020835600000]
CodeHeap 'non-nmethods': size=5760Kb used=1589Kb max_used=1606Kb free=4170Kb
 bounds [0x000002082db30000, 0x000002082dda0000, 0x000002082e0d0000]
 total_blobs=5183 nmethods=4230 adapters=865
 compilation: enabled
              stopped_count=0, restarted_count=0
 full_count=0

Compilation events (20 events):
Event: 3.013 Thread 0x00000208442e6000 nmethod 4267 0x000002082e922490 code [0x000002082e9226c0, 0x000002082e922ea8]
Event: 3.013 Thread 0x00000208442e6000 4270       3       io.github.classgraph.Classfile::readInterfaces (63 bytes)
Event: 3.014 Thread 0x00000208442e6000 nmethod 4270 0x000002082e923110 code [0x000002082e923360, 0x000002082e923af8]
Event: 3.014 Thread 0x00000208442e6000 4259   !   3       io.github.classgraph.ClasspathElementZip$1::open (78 bytes)
Event: 3.015 Thread 0x00000208442e6000 nmethod 4259 0x000002082e923e10 code [0x000002082e9241a0, 0x000002082e925818]
Event: 3.015 Thread 0x00000208442e6000 4271       3       java.util.concurrent.locks.AbstractQueuedSynchronizer::release (33 bytes)
Event: 3.015 Thread 0x00000208442e6000 nmethod 4271 0x000002082e926090 code [0x000002082e926260, 0x000002082e926538]
Event: 3.015 Thread 0x00000208442e6000 4269       3       nonapi.io.github.classgraph.recycler.Recycler::acquire (53 bytes)
Event: 3.015 Thread 0x00000208442e6000 nmethod 4269 0x000002082e926610 code [0x000002082e926800, 0x000002082e926c98]
Event: 3.015 Thread 0x00000208442e6000 4260       3       nonapi.io.github.classgraph.fileslice.reader.ClassfileReader::<init> (24 bytes)
Event: 3.016 Thread 0x00000208442e6000 nmethod 4260 0x000002082e926e10 code [0x000002082e926fc0, 0x000002082e927278]
Event: 3.016 Thread 0x00000208442e6000 4272       3       nonapi.io.github.classgraph.fastzipfilereader.NestedJarHandler$7::<init> (63 bytes)
Event: 3.016 Thread 0x00000208442e6000 nmethod 4272 0x000002082e927390 code [0x000002082e9275a0, 0x000002082e927d08]
Event: 3.016 Thread 0x00000208442e6000 4273       3       io.github.classgraph.Classfile$ClassContainment::<init> (20 bytes)
Event: 3.016 Thread 0x00000208442e6000 nmethod 4273 0x000002082e927f10 code [0x000002082e9280c0, 0x000002082e9282d8]
Event: 3.019 Thread 0x00000208442e6000 4275       3       nonapi.io.github.classgraph.fileslice.Slice$1::close (10 bytes)
Event: 3.019 Thread 0x00000208442e6000 nmethod 4275 0x000002082e928390 code [0x000002082e9285e0, 0x000002082e928d28]
Event: 3.020 Thread 0x00000208442e6000 4276       3       io.github.classgraph.Classfile::readClassAttributes (593 bytes)
Event: 3.022 Thread 0x00000208442e6000 nmethod 4276 0x000002082e929010 code [0x000002082e929680, 0x000002082e92c708]
Event: 3.022 Thread 0x00000208442e6000 4279       3       io.github.classgraph.Classfile::readFields (589 bytes)

GC Heap History (9 events):
Event: 0.523 GC heap before
{Heap before GC invocations=0 (full 0):
 garbage-first heap   total 129024K, used 24576K [0x0000000083a00000, 0x0000000100000000)
  region size 1024K, 24 young (24576K), 0 survivors (0K)
 Metaspace       used 14301K, capacity 14724K, committed 14848K, reserved 1062912K
  class space    used 1593K, capacity 1775K, committed 1792K, reserved 1048576K
}
Event: 0.526 GC heap after
{Heap after GC invocations=1 (full 0):
 garbage-first heap   total 129024K, used 5404K [0x0000000083a00000, 0x0000000100000000)
  region size 1024K, 3 young (3072K), 3 survivors (3072K)
 Metaspace       used 14301K, capacity 14724K, committed 14848K, reserved 1062912K
  class space    used 1593K, capacity 1775K, committed 1792K, reserved 1048576K
}
Event: 0.953 GC heap before
{Heap before GC invocations=1 (full 0):
 garbage-first heap   total 129024K, used 21788K [0x0000000083a00000, 0x0000000100000000)
  region size 1024K, 20 young (20480K), 3 survivors (3072K)
 Metaspace       used 20527K, capacity 21189K, committed 21248K, reserved 1067008K
  class space    used 2485K, capacity 2797K, committed 2816K, reserved 1048576K
}
Event: 0.957 GC heap after
{Heap after GC invocations=2 (full 0):
 garbage-first heap   total 129024K, used 8427K [0x0000000083a00000, 0x0000000100000000)
  region size 1024K, 3 young (3072K), 3 survivors (3072K)
 Metaspace       used 20527K, capacity 21189K, committed 21248K, reserved 1067008K
  class space    used 2485K, capacity 2797K, committed 2816K, reserved 1048576K
}
Event: 1.740 GC heap before
{Heap before GC invocations=3 (full 0):
 garbage-first heap   total 129024K, used 45291K [0x0000000083a00000, 0x0000000100000000)
  region size 1024K, 41 young (41984K), 3 survivors (3072K)
 Metaspace       used 34537K, capacity 35708K, committed 35840K, reserved 1081344K
  class space    used 4361K, capacity 4863K, committed 4864K, reserved 1048576K
}
Event: 1.747 GC heap after
{Heap after GC invocations=4 (full 0):
 garbage-first heap   total 129024K, used 13883K [0x0000000083a00000, 0x0000000100000000)
  region size 1024K, 7 young (7168K), 7 survivors (7168K)
 Metaspace       used 34537K, capacity 35708K, committed 35840K, reserved 1081344K
  class space    used 4361K, capacity 4863K, committed 4864K, reserved 1048576K
}
Event: 2.649 GC heap before
{Heap before GC invocations=5 (full 0):
 garbage-first heap   total 129024K, used 67131K [0x0000000083a00000, 0x0000000100000000)
  region size 1024K, 55 young (56320K), 7 survivors (7168K)
 Metaspace       used 43350K, capacity 45114K, committed 45312K, reserved 1087488K
  class space    used 5593K, capacity 6317K, committed 6400K, reserved 1048576K
}
Event: 2.657 GC heap after
{Heap after GC invocations=6 (full 0):
 garbage-first heap   total 129024K, used 26912K [0x0000000083a00000, 0x0000000100000000)
  region size 1024K, 7 young (7168K), 7 survivors (7168K)
 Metaspace       used 43350K, capacity 45114K, committed 45312K, reserved 1087488K
  class space    used 5593K, capacity 6317K, committed 6400K, reserved 1048576K
}
Event: 3.024 GC heap before
{Heap before GC invocations=6 (full 0):
 garbage-first heap   total 129024K, used 76064K [0x0000000083a00000, 0x0000000100000000)
  region size 1024K, 56 young (57344K), 7 survivors (7168K)
 Metaspace       used 43745K, capacity 45469K, committed 45568K, reserved 1089536K
  class space    used 5624K, capacity 6350K, committed 6400K, reserved 1048576K
}

Deoptimization events (20 events):
Event: 3.013 Thread 0x0000020855743000 DEOPT PACKING pc=0x000002082e91a1d9 sp=0x0000008473cfe840
Event: 3.013 Thread 0x0000020855743000 DEOPT UNPACKING pc=0x000002082db79d0e sp=0x0000008473cfdda8 mode 0
Event: 3.014 Thread 0x0000020855743800 DEOPT PACKING pc=0x000002082e91a1d9 sp=0x0000008473afec30
Event: 3.014 Thread 0x0000020855743800 DEOPT UNPACKING pc=0x000002082db79d0e sp=0x0000008473afe198 mode 0
Event: 3.016 Thread 0x000002085573f000 DEOPT PACKING pc=0x000002082e8ff534 sp=0x00000084738fe6a0
Event: 3.016 Thread 0x000002085573f000 DEOPT UNPACKING pc=0x000002082db79d0e sp=0x00000084738fdc88 mode 0
Event: 3.016 Thread 0x000002085573f000 DEOPT PACKING pc=0x000002082e91a1d9 sp=0x00000084738fe4c0
Event: 3.016 Thread 0x000002085573f000 DEOPT UNPACKING pc=0x000002082db79d0e sp=0x00000084738fda28 mode 0
Event: 3.018 Thread 0x0000020855739000 DEOPT PACKING pc=0x000002082e91a1d9 sp=0x00000084739fe300
Event: 3.018 Thread 0x0000020855739000 DEOPT UNPACKING pc=0x000002082db79d0e sp=0x00000084739fd868 mode 0
Event: 3.020 Thread 0x0000020855739000 DEOPT PACKING pc=0x000002082e8ff534 sp=0x00000084739fe4e0
Event: 3.020 Thread 0x0000020855739000 DEOPT UNPACKING pc=0x000002082db79d0e sp=0x00000084739fdac8 mode 0
Event: 3.020 Thread 0x000002085573f000 DEOPT PACKING pc=0x000002082e91a1d9 sp=0x00000084738fe4c0
Event: 3.020 Thread 0x000002085573f000 DEOPT UNPACKING pc=0x000002082db79d0e sp=0x00000084738fda28 mode 0
Event: 3.022 Thread 0x0000020855745800 DEOPT PACKING pc=0x000002082e91a1d9 sp=0x0000008473efe790
Event: 3.022 Thread 0x0000020855745800 DEOPT UNPACKING pc=0x000002082db79d0e sp=0x0000008473efdcf8 mode 0
Event: 3.024 Thread 0x0000020855741800 DEOPT PACKING pc=0x000002082e8ff534 sp=0x0000008473bfebf0
Event: 3.024 Thread 0x0000020855741800 DEOPT UNPACKING pc=0x000002082db79d0e sp=0x0000008473bfe1d8 mode 0
Event: 3.024 Thread 0x0000020855743000 DEOPT PACKING pc=0x000002082e91a1d9 sp=0x0000008473cfe820
Event: 3.024 Thread 0x0000020855743000 DEOPT UNPACKING pc=0x000002082db79d0e sp=0x0000008473cfdd88 mode 0

Classes redefined (0 events):
No events

Internal exceptions (20 events):
Event: 2.903 Thread 0x0000020855744800 Exception <a 'sun/nio/fs/WindowsException'{0x000000008a3ae458}> (0x000000008a3ae458) thrown at [./src/hotspot/share/prims/jni.cpp, line 616]
Event: 2.903 Thread 0x0000020855744800 Exception <a 'sun/nio/fs/WindowsException'{0x000000008a3ae818}> (0x000000008a3ae818) thrown at [./src/hotspot/share/prims/jni.cpp, line 616]
Event: 2.903 Thread 0x0000020855744800 Exception <a 'sun/nio/fs/WindowsException'{0x000000008a3af508}> (0x000000008a3af508) thrown at [./src/hotspot/share/prims/jni.cpp, line 616]
Event: 2.903 Thread 0x0000020855744800 Exception <a 'sun/nio/fs/WindowsException'{0x000000008a3af868}> (0x000000008a3af868) thrown at [./src/hotspot/share/prims/jni.cpp, line 616]
Event: 3.001 Thread 0x0000020855739000 Exception <a 'sun/nio/fs/WindowsException'{0x0000000089adba48}> (0x0000000089adba48) thrown at [./src/hotspot/share/prims/jni.cpp, line 616]
Event: 3.001 Thread 0x0000020855739000 Exception <a 'sun/nio/fs/WindowsException'{0x0000000089adbda8}> (0x0000000089adbda8) thrown at [./src/hotspot/share/prims/jni.cpp, line 616]
Event: 3.009 Thread 0x0000020855744800 Exception <a 'sun/nio/fs/WindowsException'{0x0000000089633b58}> (0x0000000089633b58) thrown at [./src/hotspot/share/prims/jni.cpp, line 616]
Event: 3.009 Thread 0x0000020855744800 Exception <a 'sun/nio/fs/WindowsException'{0x0000000089633eb0}> (0x0000000089633eb0) thrown at [./src/hotspot/share/prims/jni.cpp, line 616]
Event: 3.010 Thread 0x0000020855743000 Exception <a 'sun/nio/fs/WindowsException'{0x000000008947a308}> (0x000000008947a308) thrown at [./src/hotspot/share/prims/jni.cpp, line 616]
Event: 3.010 Thread 0x0000020855745800 Exception <a 'sun/nio/fs/WindowsException'{0x00000000894af488}> (0x00000000894af488) thrown at [./src/hotspot/share/prims/jni.cpp, line 616]
Event: 3.010 Thread 0x0000020855743000 Exception <a 'sun/nio/fs/WindowsException'{0x000000008947a650}> (0x000000008947a650) thrown at [./src/hotspot/share/prims/jni.cpp, line 616]
Event: 3.010 Thread 0x0000020855745800 Exception <a 'sun/nio/fs/WindowsException'{0x00000000894af7d8}> (0x00000000894af7d8) thrown at [./src/hotspot/share/prims/jni.cpp, line 616]
Event: 3.010 Thread 0x0000020855743000 Exception <a 'sun/nio/fs/WindowsException'{0x000000008947b360}> (0x000000008947b360) thrown at [./src/hotspot/share/prims/jni.cpp, line 616]
Event: 3.010 Thread 0x0000020855743000 Exception <a 'sun/nio/fs/WindowsException'{0x000000008947b6c0}> (0x000000008947b6c0) thrown at [./src/hotspot/share/prims/jni.cpp, line 616]
Event: 3.013 Thread 0x0000020855741800 Exception <a 'sun/nio/fs/WindowsException'{0x00000000892f5230}> (0x00000000892f5230) thrown at [./src/hotspot/share/prims/jni.cpp, line 616]
Event: 3.013 Thread 0x0000020855741800 Exception <a 'sun/nio/fs/WindowsException'{0x00000000892f5580}> (0x00000000892f5580) thrown at [./src/hotspot/share/prims/jni.cpp, line 616]
Event: 3.020 Thread 0x0000020855743000 Exception <a 'sun/nio/fs/WindowsException'{0x0000000088cb0798}> (0x0000000088cb0798) thrown at [./src/hotspot/share/prims/jni.cpp, line 616]
Event: 3.020 Thread 0x0000020855743000 Exception <a 'sun/nio/fs/WindowsException'{0x0000000088cb0ae8}> (0x0000000088cb0ae8) thrown at [./src/hotspot/share/prims/jni.cpp, line 616]
Event: 3.024 Thread 0x0000020855744800 Exception <a 'sun/nio/fs/WindowsException'{0x000000008876cb98}> (0x000000008876cb98) thrown at [./src/hotspot/share/prims/jni.cpp, line 616]
Event: 3.024 Thread 0x0000020855744800 Exception <a 'sun/nio/fs/WindowsException'{0x000000008876ceb8}> (0x000000008876ceb8) thrown at [./src/hotspot/share/prims/jni.cpp, line 616]

Events (20 events):
Event: 3.007 loading class io/github/classgraph/AnnotationEnumValue done
Event: 3.008 loading class io/github/classgraph/AnnotationClassRef
Event: 3.008 loading class io/github/classgraph/AnnotationClassRef done
Event: 3.010 Executing VM operation: RevokeBias
Event: 3.010 Executing VM operation: RevokeBias done
Event: 3.016 Executing VM operation: RevokeBias
Event: 3.016 Executing VM operation: RevokeBias done
Event: 3.017 Executing VM operation: RevokeBias
Event: 3.017 Executing VM operation: RevokeBias done
Event: 3.022 loading class io/github/classgraph/TypeSignature
Event: 3.022 loading class io/github/classgraph/TypeSignature done
Event: 3.023 loading class io/github/classgraph/HierarchicalTypeSignature
Event: 3.023 loading class io/github/classgraph/HierarchicalTypeSignature done
Event: 3.023 loading class io/github/classgraph/ReferenceTypeSignature
Event: 3.023 loading class io/github/classgraph/ReferenceTypeSignature done
Event: 3.023 loading class io/github/classgraph/BaseTypeSignature
Event: 3.023 loading class io/github/classgraph/BaseTypeSignature done
Event: 3.024 loading class nonapi/io/github/classgraph/types/Parser
Event: 3.024 loading class nonapi/io/github/classgraph/types/Parser done
Event: 3.024 Executing VM operation: G1CollectForAllocation


Dynamic libraries:
0x00007ff762480000 - 0x00007ff76248d000 	C:\Program Files\Greenfoot\jdk\bin\javaw.exe
0x00007ffd91330000 - 0x00007ffd91528000 	C:\windows\SYSTEM32\ntdll.dll
0x00007ffd90a00000 - 0x00007ffd90abf000 	C:\windows\System32\KERNEL32.DLL
0x00007ffd8f0b0000 - 0x00007ffd8f38a000 	C:\windows\System32\KERNELBASE.dll
0x00007ffd8ee70000 - 0x00007ffd8ef70000 	C:\windows\System32\ucrtbase.dll
0x00007ffd7a150000 - 0x00007ffd7a167000 	C:\Program Files\Greenfoot\jdk\bin\jli.dll
0x00007ffd7df50000 - 0x00007ffd7df65000 	C:\Program Files\Greenfoot\jdk\bin\VCRUNTIME140.dll
0x00007ffd8f390000 - 0x00007ffd8f52d000 	C:\windows\System32\USER32.dll
0x00007ffd8ee40000 - 0x00007ffd8ee62000 	C:\windows\System32\win32u.dll
0x00007ffd6ae00000 - 0x00007ffd6b09a000 	C:\windows\WinSxS\amd64_microsoft.windows.common-controls_6595b64144ccf1df_6.0.19041.1110_none_60b5254171f9507e\COMCTL32.dll
0x00007ffd906f0000 - 0x00007ffd9071b000 	C:\windows\System32\GDI32.dll
0x00007ffd90ef0000 - 0x00007ffd90f8e000 	C:\windows\System32\msvcrt.dll
0x00007ffd8ef70000 - 0x00007ffd8f080000 	C:\windows\System32\gdi32full.dll
0x00007ffd8eca0000 - 0x00007ffd8ed3d000 	C:\windows\System32\msvcp_win.dll
0x00007ffd905a0000 - 0x00007ffd905d0000 	C:\windows\System32\IMM32.DLL
0x00007ffd4cde0000 - 0x00007ffd4ce7b000 	C:\Program Files\Greenfoot\jdk\bin\msvcp140.dll
0x00007ffd203d0000 - 0x00007ffd20f51000 	C:\Program Files\Greenfoot\jdk\bin\server\jvm.dll
0x00007ffd90720000 - 0x00007ffd907ce000 	C:\windows\System32\ADVAPI32.dll
0x00007ffd90650000 - 0x00007ffd906ec000 	C:\windows\System32\sechost.dll
0x00007ffd8fd00000 - 0x00007ffd8fe26000 	C:\windows\System32\RPCRT4.dll
0x00007ffd903d0000 - 0x00007ffd903d8000 	C:\windows\System32\PSAPI.DLL
0x00007ffd6c2e0000 - 0x00007ffd6c2e9000 	C:\windows\SYSTEM32\WSOCK32.dll
0x00007ffd6ba50000 - 0x00007ffd6ba77000 	C:\windows\SYSTEM32\WINMM.dll
0x00007ffd84d90000 - 0x00007ffd84d9a000 	C:\windows\SYSTEM32\VERSION.dll
0x00007ffd90930000 - 0x00007ffd9099b000 	C:\windows\System32\WS2_32.dll
0x00007ffd8c8e0000 - 0x00007ffd8c8f2000 	C:\windows\SYSTEM32\kernel.appcore.dll
0x00007ffd84620000 - 0x00007ffd84630000 	C:\Program Files\Greenfoot\jdk\bin\verify.dll
0x00007ffd8c250000 - 0x00007ffd8c434000 	C:\windows\SYSTEM32\DBGHELP.DLL
0x00007ffd7cf80000 - 0x00007ffd7cfb4000 	C:\windows\SYSTEM32\dbgcore.DLL
0x00007ffd8ed40000 - 0x00007ffd8edc2000 	C:\windows\System32\bcryptPrimitives.dll
0x00007ffd65810000 - 0x00007ffd65838000 	C:\Program Files\Greenfoot\jdk\bin\java.dll
0x00007ffd845c0000 - 0x00007ffd845ca000 	C:\Program Files\Greenfoot\jdk\bin\jimage.dll
0x00007ffd78c90000 - 0x00007ffd78ca8000 	C:\Program Files\Greenfoot\jdk\bin\zip.dll
0x00007ffd8f5b0000 - 0x00007ffd8fcf4000 	C:\windows\System32\SHELL32.dll
0x00007ffd8cb00000 - 0x00007ffd8d293000 	C:\windows\SYSTEM32\windows.storage.dll
0x00007ffd90f90000 - 0x00007ffd912e4000 	C:\windows\System32\combase.dll
0x00007ffd8e4a0000 - 0x00007ffd8e4ce000 	C:\windows\SYSTEM32\Wldp.dll
0x00007ffd90880000 - 0x00007ffd9092d000 	C:\windows\System32\SHCORE.dll
0x00007ffd90cc0000 - 0x00007ffd90d15000 	C:\windows\System32\shlwapi.dll
0x00007ffd8e980000 - 0x00007ffd8e99f000 	C:\windows\SYSTEM32\profapi.dll
0x00007ffd6aa10000 - 0x00007ffd6aa29000 	C:\Program Files\Greenfoot\jdk\bin\net.dll
0x00007ffd858d0000 - 0x00007ffd859da000 	C:\windows\SYSTEM32\WINHTTP.dll
0x00007ffd8e200000 - 0x00007ffd8e26a000 	C:\windows\system32\mswsock.dll
0x00007ffd6a9c0000 - 0x00007ffd6a9d3000 	C:\Program Files\Greenfoot\jdk\bin\nio.dll
0x0000020823400000 - 0x0000020823403000 	C:\Program Files\Greenfoot\lib\javafx\bin\api-ms-win-core-console-l1-1-0.dll
0x0000020823410000 - 0x0000020823413000 	C:\Program Files\Greenfoot\lib\javafx\bin\api-ms-win-core-console-l1-2-0.dll
0x0000020825300000 - 0x0000020825303000 	C:\Program Files\Greenfoot\lib\javafx\bin\api-ms-win-core-datetime-l1-1-0.dll
0x0000020825310000 - 0x0000020825313000 	C:\Program Files\Greenfoot\lib\javafx\bin\api-ms-win-core-debug-l1-1-0.dll
0x0000020825320000 - 0x0000020825323000 	C:\Program Files\Greenfoot\lib\javafx\bin\api-ms-win-core-errorhandling-l1-1-0.dll
0x0000020825330000 - 0x0000020825334000 	C:\Program Files\Greenfoot\lib\javafx\bin\api-ms-win-core-file-l1-1-0.dll
0x0000020825340000 - 0x0000020825343000 	C:\Program Files\Greenfoot\lib\javafx\bin\api-ms-win-core-file-l1-2-0.dll
0x0000020825350000 - 0x0000020825353000 	C:\Program Files\Greenfoot\lib\javafx\bin\api-ms-win-core-file-l2-1-0.dll
0x0000020825360000 - 0x0000020825363000 	C:\Program Files\Greenfoot\lib\javafx\bin\api-ms-win-core-handle-l1-1-0.dll
0x0000020825370000 - 0x0000020825373000 	C:\Program Files\Greenfoot\lib\javafx\bin\api-ms-win-core-heap-l1-1-0.dll
0x0000020825380000 - 0x0000020825383000 	C:\Program Files\Greenfoot\lib\javafx\bin\api-ms-win-core-interlocked-l1-1-0.dll
0x0000020825390000 - 0x0000020825393000 	C:\Program Files\Greenfoot\lib\javafx\bin\api-ms-win-core-libraryloader-l1-1-0.dll
0x00000208253a0000 - 0x00000208253a3000 	C:\Program Files\Greenfoot\lib\javafx\bin\api-ms-win-core-localization-l1-2-0.dll
0x00000208253b0000 - 0x00000208253b3000 	C:\Program Files\Greenfoot\lib\javafx\bin\api-ms-win-core-memory-l1-1-0.dll
0x00000208253c0000 - 0x00000208253c3000 	C:\Program Files\Greenfoot\lib\javafx\bin\api-ms-win-core-namedpipe-l1-1-0.dll
0x00000208457f0000 - 0x00000208457f3000 	C:\Program Files\Greenfoot\lib\javafx\bin\api-ms-win-core-processenvironment-l1-1-0.dll
0x0000020845800000 - 0x0000020845803000 	C:\Program Files\Greenfoot\lib\javafx\bin\api-ms-win-core-processthreads-l1-1-0.dll
0x0000020845810000 - 0x0000020845813000 	C:\Program Files\Greenfoot\lib\javafx\bin\api-ms-win-core-processthreads-l1-1-1.dll
0x0000020845820000 - 0x0000020845823000 	C:\Program Files\Greenfoot\lib\javafx\bin\api-ms-win-core-profile-l1-1-0.dll
0x0000020845830000 - 0x0000020845833000 	C:\Program Files\Greenfoot\lib\javafx\bin\api-ms-win-core-rtlsupport-l1-1-0.dll
0x0000020845840000 - 0x0000020845843000 	C:\Program Files\Greenfoot\lib\javafx\bin\api-ms-win-core-string-l1-1-0.dll
0x0000020845850000 - 0x0000020845853000 	C:\Program Files\Greenfoot\lib\javafx\bin\api-ms-win-core-synch-l1-1-0.dll
0x0000020845860000 - 0x0000020845863000 	C:\Program Files\Greenfoot\lib\javafx\bin\api-ms-win-core-synch-l1-2-0.dll
0x0000020845870000 - 0x0000020845873000 	C:\Program Files\Greenfoot\lib\javafx\bin\api-ms-win-core-sysinfo-l1-1-0.dll
0x0000020845880000 - 0x0000020845883000 	C:\Program Files\Greenfoot\lib\javafx\bin\api-ms-win-core-timezone-l1-1-0.dll
0x0000020845890000 - 0x0000020845893000 	C:\Program Files\Greenfoot\lib\javafx\bin\api-ms-win-core-util-l1-1-0.dll
0x00000208458a0000 - 0x00000208458a3000 	C:\Program Files\Greenfoot\lib\javafx\bin\api-ms-win-crt-conio-l1-1-0.dll
0x00000208458b0000 - 0x00000208458b4000 	C:\Program Files\Greenfoot\lib\javafx\bin\api-ms-win-crt-convert-l1-1-0.dll
0x00000208458c0000 - 0x00000208458c3000 	C:\Program Files\Greenfoot\lib\javafx\bin\api-ms-win-crt-environment-l1-1-0.dll
0x00000208458d0000 - 0x00000208458d3000 	C:\Program Files\Greenfoot\lib\javafx\bin\api-ms-win-crt-filesystem-l1-1-0.dll
0x00000208458e0000 - 0x00000208458e3000 	C:\Program Files\Greenfoot\lib\javafx\bin\api-ms-win-crt-heap-l1-1-0.dll
0x00000208458f0000 - 0x00000208458f3000 	C:\Program Files\Greenfoot\lib\javafx\bin\api-ms-win-crt-locale-l1-1-0.dll
0x0000020845900000 - 0x0000020845905000 	C:\Program Files\Greenfoot\lib\javafx\bin\api-ms-win-crt-math-l1-1-0.dll
0x0000020845910000 - 0x0000020845915000 	C:\Program Files\Greenfoot\lib\javafx\bin\api-ms-win-crt-multibyte-l1-1-0.dll
0x0000020845920000 - 0x0000020845930000 	C:\Program Files\Greenfoot\lib\javafx\bin\api-ms-win-crt-private-l1-1-0.dll
0x0000020845930000 - 0x0000020845933000 	C:\Program Files\Greenfoot\lib\javafx\bin\api-ms-win-crt-process-l1-1-0.dll
0x0000020845940000 - 0x0000020845944000 	C:\Program Files\Greenfoot\lib\javafx\bin\api-ms-win-crt-runtime-l1-1-0.dll
0x0000020845950000 - 0x0000020845954000 	C:\Program Files\Greenfoot\lib\javafx\bin\api-ms-win-crt-stdio-l1-1-0.dll
0x0000020845960000 - 0x0000020845964000 	C:\Program Files\Greenfoot\lib\javafx\bin\api-ms-win-crt-string-l1-1-0.dll
0x0000020845970000 - 0x0000020845973000 	C:\Program Files\Greenfoot\lib\javafx\bin\api-ms-win-crt-time-l1-1-0.dll
0x0000020845980000 - 0x0000020845983000 	C:\Program Files\Greenfoot\lib\javafx\bin\api-ms-win-crt-utility-l1-1-0.dll
0x00007ffd43ef0000 - 0x00007ffd43fec000 	C:\Program Files\Greenfoot\lib\javafx\bin\ucrtbase.dll
0x00007ffd5fcc0000 - 0x00007ffd5fcd5000 	C:\Program Files\Greenfoot\lib\javafx\bin\vcruntime140.dll
0x00007ffd68480000 - 0x00007ffd6848c000 	C:\Windows\System32\vcruntime140_1.dll
0x00007ffd4a3f0000 - 0x00007ffd4a48b000 	C:\Program Files\Greenfoot\lib\javafx\bin\msvcp140.dll
0x00007ffd5fc00000 - 0x00007ffd5fc23000 	C:\Program Files\Greenfoot\lib\javafx\bin\prism_d3d.dll
0x00007ffd2b700000 - 0x00007ffd2b8cd000 	C:\windows\system32\d3d9.dll
0x00007ffd8c5f0000 - 0x00007ffd8c61f000 	C:\windows\SYSTEM32\dwmapi.dll
0x00007ffd88250000 - 0x00007ffd882ee000 	C:\windows\system32\uxtheme.dll
0x00007ffd27d90000 - 0x00007ffd27ef7000 	C:\windows\System32\DriverStore\FileRepository\iigd_dch.inf_amd64_e7a66f741a7f70e8\igdumdim64.dll
0x00007ffd90dc0000 - 0x00007ffd90eea000 	C:\windows\System32\ole32.dll
0x00007ffd24190000 - 0x00007ffd27d82000 	C:\windows\System32\DriverStore\FileRepository\iigd_dch.inf_amd64_e7a66f741a7f70e8\igd9dxva64.dll
0x00007ffd90300000 - 0x00007ffd903cd000 	C:\windows\System32\OLEAUT32.dll
0x00007ffd8fe90000 - 0x00007ffd902f8000 	C:\windows\System32\SETUPAPI.dll
0x00007ffd8ec50000 - 0x00007ffd8ec9e000 	C:\windows\System32\cfgmgr32.dll
0x00007ffd8f080000 - 0x00007ffd8f0a7000 	C:\windows\System32\bcrypt.dll
0x00007ffd76710000 - 0x00007ffd76ad5000 	C:\windows\System32\DriverStore\FileRepository\iigd_dch.inf_amd64_e7a66f741a7f70e8\igdgmm64.dll
0x00007ffd4d580000 - 0x00007ffd4d5c5000 	C:\Program Files\Greenfoot\lib\javafx\bin\glass.dll
0x00007ffd90ac0000 - 0x00007ffd90b9a000 	C:\windows\System32\COMDLG32.dll
0x00007ffd90ba0000 - 0x00007ffd90cb4000 	C:\windows\System32\MSCTF.dll
0x00007ffd35340000 - 0x00007ffd35367000 	C:\windows\System32\DriverStore\FileRepository\iigd_dch.inf_amd64_e7a66f741a7f70e8\igdinfo64.dll
0x00007ffd70610000 - 0x00007ffd73ad3000 	C:\windows\System32\DriverStore\FileRepository\iigd_dch.inf_amd64_e7a66f741a7f70e8\igc64.dll
0x00007ffd85670000 - 0x00007ffd856ab000 	C:\windows\SYSTEM32\dxcore.dll
0x00007ffd5f2d0000 - 0x00007ffd5f2e4000 	C:\Program Files\Greenfoot\lib\javafx\bin\javafx_font.dll
0x00007ffd70360000 - 0x00007ffd705df000 	C:\windows\SYSTEM32\dwrite.dll
0x00007ffd907d0000 - 0x00007ffd90879000 	C:\windows\System32\clbcatq.dll
0x00007ffd79480000 - 0x00007ffd79634000 	C:\windows\SYSTEM32\WindowsCodecs.dll
0x00007ffd562a0000 - 0x00007ffd562de000 	C:\windows\system32\dataexchange.dll
0x00007ffd86de0000 - 0x00007ffd87043000 	C:\windows\system32\d3d11.dll
0x00007ffd87610000 - 0x00007ffd877f3000 	C:\windows\system32\dcomp.dll
0x00007ffd8d420000 - 0x00007ffd8d513000 	C:\windows\system32\dxgi.dll
0x00007ffd856c0000 - 0x00007ffd858c0000 	C:\windows\system32\twinapi.appcore.dll
0x00007ffd5da70000 - 0x00007ffd5daa4000 	C:\Program Files\Common Files\Microsoft Shared\Ink\rtscom.dll
0x00007ffd76f20000 - 0x00007ffd77019000 	C:\windows\SYSTEM32\textinputframework.dll
0x00007ffd87ee0000 - 0x00007ffd87fd2000 	C:\windows\System32\CoreMessaging.dll
0x00007ffd87800000 - 0x00007ffd87b5e000 	C:\windows\System32\CoreUIComponents.dll
0x00007ffd86820000 - 0x00007ffd86974000 	C:\windows\SYSTEM32\wintypes.dll
0x00007ffd8dbd0000 - 0x00007ffd8dc03000 	C:\windows\SYSTEM32\ntmarta.dll
0x00007ffd3f6e0000 - 0x00007ffd3f923000 	C:\windows\system32\SogouTSF.ime
0x00007ffd76d00000 - 0x00007ffd76d07000 	C:\windows\system32\MSIMG32.dll
0x00007ffd077b0000 - 0x00007ffd0829a000 	C:\windows\system32\SogouPy.ime
0x00007ffd5f060000 - 0x00007ffd5f0c6000 	C:\windows\SYSTEM32\OLEACC.dll
0x00007ffd6a6e0000 - 0x00007ffd6a740000 	C:\Program Files (x86)\SogouInput\Components\SGDictation\1.0.0.62\SGDictation64.dll
0x0000000010000000 - 0x000000001046d000 	C:\Program Files (x86)\SogouInput\13.1.0.6861\Resource.dll

dbghelp: loaded successfully - version: 4.0.5 - missing functions: none
symbol engine: initialized successfully - sym options: 0x614 - pdb path: .;C:\Program Files\Greenfoot\jdk\bin;C:\windows\SYSTEM32;C:\windows\WinSxS\amd64_microsoft.windows.common-controls_6595b64144ccf1df_6.0.19041.1110_none_60b5254171f9507e;C:\Program Files\Greenfoot\jdk\bin\server;C:\Program Files\Greenfoot\lib\javafx\bin;C:\windows\System32\DriverStore\FileRepository\iigd_dch.inf_amd64_e7a66f741a7f70e8;C:\Program Files\Common Files\Microsoft Shared\Ink;C:\Program Files (x86)\SogouInput\Components\SGDictation\1.0.0.62;C:\Program Files (x86)\SogouInput\13.1.0.6861;C:\Program Files (x86)\SogouInput\Components\PicFace\1.1.0.2077

VM Arguments:
jvm_args: -Dhttps.protocols=TLSv1,TLSv1.1,TLSv1.2 
java_command: bluej.Boot C:\Users\julie\Desktop\greenfootyanfangfinalproject0310\project.greenfoot -greenfoot=true -bluej.compiler.showunchecked=false
java_class_path (initial): C:\Program Files\Greenfoot\lib\bluej.jar;C:\Program Files\Greenfoot\lib\javafx\lib\javafx.base.jar;C:\Program Files\Greenfoot\lib\javafx\lib\javafx.controls.jar;C:\Program Files\Greenfoot\lib\javafx\lib\javafx.fxml.jar;C:\Program Files\Greenfoot\lib\javafx\lib\javafx.graphics.jar;C:\Program Files\Greenfoot\lib\javafx\lib\javafx.media.jar;C:\Program Files\Greenfoot\lib\javafx\lib\javafx.properties.jar;C:\Program Files\Greenfoot\lib\javafx\lib\javafx.swing.jar;C:\Program Files\Greenfoot\lib\javafx\lib\javafx.web.jar
Launcher Type: SUN_STANDARD

[Global flags]
     intx CICompilerCount                          = 4                                         {product} {ergonomic}
     uint ConcGCThreads                            = 2                                         {product} {ergonomic}
     uint G1ConcRefinementThreads                  = 8                                         {product} {ergonomic}
   size_t G1HeapRegionSize                         = 1048576                                   {product} {ergonomic}
    uintx GCDrainStackTargetSize                   = 64                                        {product} {ergonomic}
   size_t InitialHeapSize                          = 132120576                                 {product} {ergonomic}
   size_t MarkStackSize                            = 4194304                                   {product} {ergonomic}
   size_t MaxHeapSize                              = 2086666240                                {product} {ergonomic}
   size_t MaxNewSize                               = 1251999744                                {product} {ergonomic}
   size_t MinHeapDeltaBytes                        = 1048576                                   {product} {ergonomic}
    uintx NonNMethodCodeHeapSize                   = 5836300                                {pd product} {ergonomic}
    uintx NonProfiledCodeHeapSize                  = 122910970                              {pd product} {ergonomic}
    uintx ProfiledCodeHeapSize                     = 122910970                              {pd product} {ergonomic}
    uintx ReservedCodeCacheSize                    = 251658240                              {pd product} {ergonomic}
     bool SegmentedCodeCache                       = true                                      {product} {ergonomic}
     bool UseCompressedClassPointers               = true                                 {lp64_product} {ergonomic}
     bool UseCompressedOops                        = true                                 {lp64_product} {ergonomic}
     bool UseG1GC                                  = true                                      {product} {ergonomic}
     bool UseLargePagesIndividualAllocation        = false                                  {pd product} {ergonomic}

Logging:
Log output configuration:
 #0: stdout all=warning uptime,level,tags
 #1: stderr all=off uptime,level,tags

Environment Variables:
JAVA_HOME=C:\Program Files\Java\jdk-11.0.11
CLASSPATH=C:\Program Files\Java\jdk-16\lib
PATH=C:\Python39\Scripts\;C:\Python39\;C:\Program Files\Common Files\Oracle\Java\javapath;C:\windows\system32;C:\windows;C:\windows\System32\Wbem;C:\windows\System32\WindowsPowerShell\v1.0\;C:\windows\System32\OpenSSH\;C:\Program Files\PuTTY\;C:\Program Files\mingw-w64\x86_64-8.1.0-posix-seh-rt_v6-rev0\mingw64\bin;C:\Program Files\Git\cmd;C:\ProgramData\chocolatey\bin;C:\Program Files\nodejs\;C:\Program Files\Go\bin;C:\Program Files\CMake\bin;C:\Users\julie\AppData\Local\Programs\Python\Python39\Scripts;C:\buildtools\ant\apache-ant-1.9.16\bin;C:\tomcat\apache-tomcat-8.5.84;C:\apache-maven-3.9.0-bin\apache-maven-3.9.0\bin;C:\gradle-6.9.4\bin;C:\Program Files\PostgreSQL\15\bin;C:\Program Files\Java\jdk-16\bin;C:\Users\julie\AppData\Roaming\npm;C:\Users\julie\AppData\Local\Programs\Azure Data Studio\bin;C:\Users\julie\go\bin;C:\Users\julie\AppData\Local\Programs\Microsoft VS Code\bin
USERNAME=julie
OS=Windows_NT
PROCESSOR_IDENTIFIER=Intel64 Family 6 Model 140 Stepping 1, GenuineIntel



---------------  S Y S T E M  ---------------

OS: Windows 10 , 64 bit Build 19041 (10.0.19041.2788)
OS uptime: 24 days 16:04 hours

CPU:total 8 (initial active 8) (4 cores per cpu, 2 threads per core) family 6 model 140 stepping 1 microcode 0x86, cmov, cx8, fxsr, mmx, sse, sse2, sse3, ssse3, sse4.1, sse4.2, popcnt, avx, avx2, aes, clmul, erms, 3dnowpref, lzcnt, ht, tsc, tscinvbit, bmi1, bmi2, adx, evex, sha, fma

Memory: 4k page, system-wide physical 7953M (132M free)
TotalPageFile size 32529M (AvailPageFile size 29M)
current process WorkingSet (physical memory assigned to process): 320M, peak: 320M
current process commit charge ("private bytes"): 382M, peak: 408M

vm_info: OpenJDK 64-Bit Server VM (11.0.14.1+1) for windows-amd64 JRE (11.0.14.1+1), built on Feb  9 2022 01:48:27 by "" with unknown MS VC++:1916

END.
